Action.c(109):               1;;CoachNone<br/>\n
Action.c(109):               ;Vo Vo<br/>\n
Action.c(109):               <br/>\n
Action.c(109):               Total Charge: $ 0 <BR/> (CC: x-)\n
Action.c(109):           </td> </tr> </table>\n
Action.c(109):           </center>\n
Action.c(109):       </TD>\n
Action.c(109):     </TR>\n
Action.c(109):     <TR bgcolor="#EFF2F7">\n
Action.c(109):       <TD COLSPAN="3">\n
Action.c(109):       <b>Flight Details:</b><BR/>  <center>\n
Action.c(109):        :  8am : Flight  leaves Denver  for Denver.<br>  </center>\n
Action.c(109):       </TD>\n
Action.c(109):     </TR>\n
Action.c(109):     \n
Action.c(109):     <TR bgcolor="#EFF2F7">\n
Action.c(109):       <TD COLSPAN="4">\n
Action.c(109):       <hr/>\n
Action.c(109):       </TD>\n
Action.c(109):     </TR>\n
Action.c(109):     \n
Action.c(109):     <!-- Flight #1 -->\n
Action.c(109):     <TR bgcolor="#EFF2F7">\n
Action.c(109):       <TD width="5%" rowspan="2" align="left" valign="top">\n
Action.c(109):     <b>\n
Action.c(109):     <label><input type="checkbox" name="12" value="on" /></label></font></b>\n
Action.c(109):     <input type="hidden" name="flightID" value="0-9-1"  />\n
Action.c(109):       </TD>\n
Action.c(109):       <TD width="45%" valign="top">\n
Action.c(109):           <b>&nbsp;&nbsp;Vo Vo\n
Action.c(109):      class tickets for :</b><br/>\n
Action.c(109):           <center><table border="0" width="85%"><tr><td>\n
Action.c(109):     Vo\n
Action.c(109):           <li><i></i>\n
Action.c(109):           </td></tr></table></center>\n
Action.c(109):       </TD>\n
Action.c(109):       <TD width="5%" >.<br/>.<br/>.<br/>.</TD>\n
Action.c(109):       <TD width="45%" valign=top><b>Invoice sent to:</b><br/>\n
Action.c(109):           <center>\n
Action.c(109):           <Table width="80%" cellspacing="0" > <tr> <td>\n
Action.c(109):               1 <br/>\n
Action.c(109):               ;Vo Vo<br/>\n
Action.c(109):               ;{outboundFlight}<br/>\n
Action.c(109):               <br/>\n
Action.c(109):               Total Charge: $ 0 <BR/> (CC: x-0)\n
Action.c(109):           </td> </tr> </table>\n
Action.c(109):           </center>\n
Action.c(109):       </TD>\n
Action.c(109):     </TR>\n
Action.c(109):     <TR bgcolor="#EFF2F7">\n
Action.c(109):       <TD COLSPAN="3">\n
Action.c(109):       <b>Flight Details:</b><BR/>  <center>\n
Action.c(109):        :  8am : Flight  leaves Denver  for Denver.<br>  </center>\n
Action.c(109):       </TD>\n
Action.c(109):     </TR>\n
Action.c(109):     \n
Action.c(109):     <TR bgcolor="#EFF2F7">\n
Action.c(109):       <TD COLSPAN="4">\n
Action.c(109):       <hr/>\n
Action.c(109):       </TD>\n
Action.c(109):     </TR>\n
Action.c(109):     \n
Action.c(109):     <!-- Flight #1 -->\n
Action.c(109):     <TR bgcolor="#EFF2F7">\n
Action.c(109):       <TD width="5%" rowspan="2" align="left" valign="top">\n
Action.c(109):     <b>\n
Action.c(109):     <label><input type="checkbox" name="13" value="on" /></label></font></b>\n
Action.c(109):     <input type="hidden" name="flightID" value="0-10-1"  />\n
Action.c(109):       </TD>\n
Action.c(109):       <TD width="45%" valign="top">\n
Action.c(109):           <b>&nbsp;&nbsp;Vo Vo\n
Action.c(109):      class tickets for :</b><br/>\n
Action.c(109):           <center><table border="0" width="85%"><tr><td>\n
Action.c(109):     Vo\n
Action.c(109):           <li><i></i>\n
Action.c(109):           </td></tr></table></center>\n
Action.c(109):       </TD>\n
Action.c(109):       <TD width="5%" >.<br/>.<br/>.<br/>.</TD>\n
Action.c(109):       <TD width="45%" valign=top><b>Invoice sent to:</b><br/>\n
Action.c(109):           <center>\n
Action.c(109):           <Table width="80%" cellspacing="0" > <tr> <td>\n
Action.c(109):               1 <br/>\n
Action.c(109):               ;Vo Vo<br/>\n
Action.c(109):               ;{outboundFlight}<br/>\n
Action.c(109):               <br/>\n
Action.c(109):               Total Charge: $ 0 <BR/> (CC: x-0)\n
Action.c(109):           </td> </tr> </table>\n
Action.c(109):           </center>\n
Action.c(109):       </TD>\n
Action.c(109):     </TR>\n
Action.c(109):     <TR bgcolor="#EFF2F7">\n
Action.c(109):       <TD COLSPAN="3">\n
Action.c(109):       <b>Flight Details:</b><BR/>  <center>\n
Action.c(109):        :  8am : Flight  leaves Denver  for Denver.<br>  </center>\n
Action.c(109):       </TD>\n
Action.c(109):     </TR>\n
Action.c(109):     \n
Action.c(109):     <TR bgcolor="#EFF2F7">\n
Action.c(109):       <TD COLSPAN="4">\n
Action.c(109):       <hr/>\n
Action.c(109):       </TD>\n
Action.c(109):     </TR>\n
Action.c(109):     \n
Action.c(109):     <!-- Flight #1 -->\n
Action.c(109):     <TR bgcolor="#EFF2F7">\n
Action.c(109):       <TD width="5%" rowspan="2" align="left" valign="top">\n
Action.c(109):     <b>\n
Action.c(109):     <label><input type="checkbox" name="14" value="on" /></label></font></b>\n
Action.c(109):     <input type="hidden" name="flightID" value="0-10-1"  />\n
Action.c(109):       </TD>\n
Action.c(109):       <TD width="45%" valign="top">\n
Action.c(109):           <b>&nbsp;&nbsp;Vo Vo\n
Action.c(109):      class tickets for :</b><br/>\n
Action.c(109):           <center><table border="0" width="85%"><tr><td>\n
Action.c(109):     Vo\n
Action.c(109):           <li><i></i>\n
Action.c(109):           </td></tr></table></center>\n
Action.c(109):       </TD>\n
Action.c(109):       <TD width="5%" >.<br/>.<br/>.<br/>.</TD>\n
Action.c(109):       <TD width="45%" valign=top><b>Invoice sent to:</b><br/>\n
Action.c(109):           <center>\n
Action.c(109):           <Table width="80%" cellspacing="0" > <tr> <td>\n
Action.c(109):               1 <br/>\n
Action.c(109):               ;Vo Vo<br/>\n
Action.c(109):               ;{outboundFlight}<br/>\n
Action.c(109):               <br/>\n
Action.c(109):               Total Charge: $ 0 <BR/> (CC: x-0)\n
Action.c(109):           </td> </tr> </table>\n
Action.c(109):           </center>\n
Action.c(109):       </TD>\n
Action.c(109):     </TR>\n
Action.c(109):     <TR bgcolor="#EFF2F7">\n
Action.c(109):       <TD COLSPAN="3">\n
Action.c(109):       <b>Flight Details:</b><BR/>  <center>\n
Action.c(109):        :  8am : Flight  leaves Denver  for Denver.<br>  </center>\n
Action.c(109):       </TD>\n
Action.c(109):     </TR>\n
Action.c(109):     \n
Action.c(109):     <TR bgcolor="#EFF2F7">\n
Action.c(109):       <TD COLSPAN="4">\n
Action.c(109):       <hr/>\n
Action.c(109):       </TD>\n
Action.c(109):     </TR>\n
Action.c(109):     \n
Action.c(109):     <!-- Flight #1 -->\n
Action.c(109):     <TR bgcolor="#EFF2F7">\n
Action.c(109):       <TD width="5%" rowspan="2" align="left" valign="top">\n
Action.c(109):     <b>\n
Action.c(109):     <label><input type="checkbox" name="15" value="on" /></label></font></b>\n
Action.c(109):     <input type="hidden" name="flightID" value="0-11-1"  />\n
Action.c(109):       </TD>\n
Action.c(109):       <TD width="45%" valign="top">\n
Action.c(109):           <b>&nbsp;&nbsp;Vo Vo\n
Action.c(109):      class tickets for :</b><br/>\n
Action.c(109):           <center><table border="0" width="85%"><tr><td>\n
Action.c(109):     Vo\n
Action.c(109):           <li><i></i>\n
Action.c(109):           </td></tr></table></center>\n
Action.c(109):       </TD>\n
Action.c(109):       <TD width="5%" >.<br/>.<br/>.<br/>.</TD>\n
Action.c(109):       <TD width="45%" valign=top><b>Invoice sent to:</b><br/>\n
Action.c(109):           <center>\n
Action.c(109):           <Table width="80%" cell
Action.c(109): t=1274974ms: 8-byte chunked response overhead for "http://localhost:1080/cgi-bin/itinerary.pl" (RelFrameId=1.2, Internal ID=414)
Action.c(109):     \r\n
Action.c(109):     1000\r\n
Action.c(109): t=1274974ms: 8-byte chunked response overhead for "http://localhost:1080/cgi-bin/itinerary.pl" (RelFrameId=1.2, Internal ID=414)
Action.c(109):     \r\n
Action.c(109):     1000\r\n
Action.c(109): t=1274974ms: 8-byte chunked response overhead for "http://localhost:1080/cgi-bin/itinerary.pl" (RelFrameId=1.2, Internal ID=414)
Action.c(109):     \r\n
Action.c(109):     1000\r\n
Action.c(109): t=1274974ms: 12263-byte chunked response body for "http://localhost:1080/cgi-bin/itinerary.pl" (RelFrameId=1.2, Internal ID=414)
Action.c(109):     spacing="0" > <tr> <td>\n
Action.c(109):               1 <br/>\n
Action.c(109):               ;Vo Vo<br/>\n
Action.c(109):               ;{outboundFlight}<br/>\n
Action.c(109):               <br/>\n
Action.c(109):               Total Charge: $ 0 <BR/> (CC: x-0)\n
Action.c(109):           </td> </tr> </table>\n
Action.c(109):           </center>\n
Action.c(109):       </TD>\n
Action.c(109):     </TR>\n
Action.c(109):     <TR bgcolor="#EFF2F7">\n
Action.c(109):       <TD COLSPAN="3">\n
Action.c(109):       <b>Flight Details:</b><BR/>  <center>\n
Action.c(109):        :  8am : Flight  leaves Denver  for Denver.<br>  </center>\n
Action.c(109):       </TD>\n
Action.c(109):     </TR>\n
Action.c(109):     \n
Action.c(109):     <TR bgcolor="#EFF2F7">\n
Action.c(109):       <TD COLSPAN="4">\n
Action.c(109):       <hr/>\n
Action.c(109):       </TD>\n
Action.c(109):     </TR>\n
Action.c(109):     \n
Action.c(109):     <!-- Flight #1 -->\n
Action.c(109):     <TR bgcolor="#EFF2F7">\n
Action.c(109):       <TD width="5%" rowspan="2" align="left" valign="top">\n
Action.c(109):     <b>\n
Action.c(109):     <label><input type="checkbox" name="16" value="on" /></label></font></b>\n
Action.c(109):     <input type="hidden" name="flightID" value="0-12-1"  />\n
Action.c(109):       </TD>\n
Action.c(109):       <TD width="45%" valign="top">\n
Action.c(109):           <b>&nbsp;&nbsp;Vo Vo\n
Action.c(109):      class tickets for :</b><br/>\n
Action.c(109):           <center><table border="0" width="85%"><tr><td>\n
Action.c(109):     Vo\n
Action.c(109):           <li><i></i>\n
Action.c(109):           </td></tr></table></center>\n
Action.c(109):       </TD>\n
Action.c(109):       <TD width="5%" >.<br/>.<br/>.<br/>.</TD>\n
Action.c(109):       <TD width="45%" valign=top><b>Invoice sent to:</b><br/>\n
Action.c(109):           <center>\n
Action.c(109):           <Table width="80%" cellspacing="0" > <tr> <td>\n
Action.c(109):               1 <br/>\n
Action.c(109):               ;Vo Vo<br/>\n
Action.c(109):               ;{outboundFlight}<br/>\n
Action.c(109):               <br/>\n
Action.c(109):               Total Charge: $ 0 <BR/> (CC: x-0)\n
Action.c(109):           </td> </tr> </table>\n
Action.c(109):           </center>\n
Action.c(109):       </TD>\n
Action.c(109):     </TR>\n
Action.c(109):     <TR bgcolor="#EFF2F7">\n
Action.c(109):       <TD COLSPAN="3">\n
Action.c(109):       <b>Flight Details:</b><BR/>  <center>\n
Action.c(109):        :  8am : Flight  leaves Denver  for Denver.<br>  </center>\n
Action.c(109):       </TD>\n
Action.c(109):     </TR>\n
Action.c(109):     \n
Action.c(109):     <TR bgcolor="#EFF2F7">\n
Action.c(109):       <TD COLSPAN="4">\n
Action.c(109):       <hr/>\n
Action.c(109):       </TD>\n
Action.c(109):     </TR>\n
Action.c(109):     \n
Action.c(109):     <!-- Flight #1 -->\n
Action.c(109):     <TR bgcolor="#EFF2F7">\n
Action.c(109):       <TD width="5%" rowspan="2" align="left" valign="top">\n
Action.c(109):     <b>\n
Action.c(109):     <label><input type="checkbox" name="17" value="on" /></label></font></b>\n
Action.c(109):     <input type="hidden" name="flightID" value="0-13-1"  />\n
Action.c(109):       </TD>\n
Action.c(109):       <TD width="45%" valign="top">\n
Action.c(109):           <b>&nbsp;&nbsp;  class tickets for :</b><br/>\n
Action.c(109):           <center><table border="0" width="85%"><tr><td>\n
Action.c(109):     Vo\n
Action.c(109):           <li><i></i>\n
Action.c(109):           </td></tr></table></center>\n
Action.c(109):       </TD>\n
Action.c(109):       <TD width="5%" >.<br/>.<br/>.<br/>.</TD>\n
Action.c(109):       <TD width="45%" valign=top><b>Invoice sent to:</b><br/>\n
Action.c(109):           <center>\n
Action.c(109):           <Table width="80%" cellspacing="0" > <tr> <td>\n
Action.c(109):               1 <br/>\n
Action.c(109):               ;Vo Vo<br/>\n
Action.c(109):               ;{outboundFlight}<br/>\n
Action.c(109):               <br/>\n
Action.c(109):               Total Charge: $ 0 <BR/> (CC: x-0)\n
Action.c(109):           </td> </tr> </table>\n
Action.c(109):           </center>\n
Action.c(109):       </TD>\n
Action.c(109):     </TR>\n
Action.c(109):     <TR bgcolor="#EFF2F7">\n
Action.c(109):       <TD COLSPAN="3">\n
Action.c(109):       <b>Flight Details:</b><BR/>  <center>\n
Action.c(109):       Vo\n
Action.c(109):      :  8am : Flight  leaves Denver  for Denver.<br>  </center>\n
Action.c(109):       </TD>\n
Action.c(109):     </TR>\n
Action.c(109):     \n
Action.c(109):     <TR bgcolor="#EFF2F7">\n
Action.c(109):       <TD COLSPAN="4">\n
Action.c(109):       <hr/>\n
Action.c(109):       </TD>\n
Action.c(109):     </TR>\n
Action.c(109):     \n
Action.c(109):     <!-- Flight #1 -->\n
Action.c(109):     <TR bgcolor="#EFF2F7">\n
Action.c(109):       <TD width="5%" rowspan="2" align="left" valign="top">\n
Action.c(109):     <b>\n
Action.c(109):     <label><input type="checkbox" name="18" value="on" /></label></font></b>\n
Action.c(109):     <input type="hidden" name="flightID" value="0-13-1"  />\n
Action.c(109):       </TD>\n
Action.c(109):       <TD width="45%" valign="top">\n
Action.c(109):           <b>&nbsp;&nbsp;Vo Vo\n
Action.c(109):      class tickets for :</b><br/>\n
Action.c(109):           <center><table border="0" width="85%"><tr><td>\n
Action.c(109):     Vo\n
Action.c(109):           <li><i></i>\n
Action.c(109):           </td></tr></table></center>\n
Action.c(109):       </TD>\n
Action.c(109):       <TD width="5%" >.<br/>.<br/>.<br/>.</TD>\n
Action.c(109):       <TD width="45%" valign=top><b>Invoice sent to:</b><br/>\n
Action.c(109):           <center>\n
Action.c(109):           <Table width="80%" cellspacing="0" > <tr> <td>\n
Action.c(109):               1 <br/>\n
Action.c(109):               ;Vo Vo<br/>\n
Action.c(109):               ht}<br/>\n
Action.c(109):               <br/>\n
Action.c(109):               Total Charge: $ 0 <BR/> (CC: x-)\n
Action.c(109):           </td> </tr> </table>\n
Action.c(109):           </center>\n
Action.c(109):       </TD>\n
Action.c(109):     </TR>\n
Action.c(109):     <TR bgcolor="#EFF2F7">\n
Action.c(109):       <TD COLSPAN="3">\n
Action.c(109):       <b>Flight Details:</b><BR/>  <center>\n
Action.c(109):       Vo\n
Action.c(109):      :  8am : Flight  leaves Denver  for Denver.<br>  </center>\n
Action.c(109):       </TD>\n
Action.c(109):     </TR>\n
Action.c(109):     \n
Action.c(109):     <TR bgcolor="#EFF2F7">\n
Action.c(109):       <TD COLSPAN="4">\n
Action.c(109):       <hr/>\n
Action.c(109):       </TD>\n
Action.c(109):     </TR>\n
Action.c(109):     \n
Action.c(109):     <!-- Flight #1 -->\n
Action.c(109):     <TR bgcolor="#EFF2F7">\n
Action.c(109):       <TD width="5%" rowspan="2" align="left" valign="top">\n
Action.c(109):     <b>\n
Action.c(109):     <label><input type="checkbox" name="19" value="on" /></label></font></b>\n
Action.c(109):     <input type="hidden" name="flightID" value="0-14-1"  />\n
Action.c(109):       </TD>\n
Action.c(109):       <TD width="45%" valign="top">\n
Action.c(109):           <b>&nbsp;&nbsp;Vo Vo\n
Action.c(109):      class tickets for :</b><br/>\n
Action.c(109):           <center><table border="0" width="85%"><tr><td>\n
Action.c(109):     Vo\n
Action.c(109):           <li><i></i>\n
Action.c(109):           </td></tr></table></center>\n
Action.c(109):       </TD>\n
Action.c(109):       <TD width="5%" >.<br/>.<br/>.<br/>.</TD>\n
Action.c(109):       <TD width="45%" valign=top><b>Invoice sent to:</b><br/>\n
Action.c(109):           <center>\n
Action.c(109):           <Table width="80%" cellspacing="0" > <tr> <td>\n
Action.c(109):               1 <br/>\n
Action.c(109):               ;Vo Vo<br/>\n
Action.c(109):               ht}<br/>\n
Action.c(109):               <br/>\n
Action.c(109):               Total Charge: $ 0 <BR/> (CC: x-)\n
Action.c(109):           </td> </tr> </table>\n
Action.c(109):           </center>\n
Action.c(109):       </TD>\n
Action.c(109):     </TR>\n
Action.c(109):     <TR bgcolor="#EFF2F7">\n
Action.c(109):       <TD COLSPAN="3">\n
Action.c(109):       <b>Flight Details:</b><BR/>  <center>\n
Action.c(109):       Vo\n
Action.c(109):      :  8am : Flight  leaves Denver  for Denver.<br>  </center>\n
Action.c(109):       </TD>\n
Action.c(109):     </TR>\n
Action.c(109):     \n
Action.c(109):     <TR bgcolor="#EFF2F7">\n
Action.c(109):       <TD COLSPAN="4">\n
Action.c(109):       <hr/>\n
Action.c(109):       </TD>\n
Action.c(109):     </TR>\n
Action.c(109):     \n
Action.c(109):     <!-- Flight #1 -->\n
Action.c(109):     <TR bgcolor="#EFF2F7">\n
Action.c(109):       <TD width="5%" rowspan="2" align="left" valign="top">\n
Action.c(109):     <b>\n
Action.c(109):     <label><input type="checkbox" name="20" value="on" /></label></font></b>\n
Action.c(109):     <input type="hidden" name="flightID" value="0-15-1"  />\n
Action.c(109):       </TD>\n
Action.c(109):       <TD width="45%" valign="top">\n
Action.c(109):           <b>&nbsp;&nbsp;Vo Vo\n
Action.c(109):      class tickets for :</b><br/>\n
Action.c(109):           <center><table border="0" width="85%"><tr><td>\n
Action.c(109):     Vo\n
Action.c(109):           <li><i></i>\n
Action.c(109):           </td></tr></table></center>\n
Action.c(109):       </TD>\n
Action.c(109):       <TD width="5%" >.<br/>.<br/>.<br/>.</TD>\n
Action.c(109):       <TD width="45%" valign=top><b>Invoice sent to:</b><br/>\n
Action.c(109):           <center>\n
Action.c(109):           <Table width="80%" cellspacing="0" > <tr> <td>\n
Action.c(109):               1 <br/>\n
Action.c(109):               ;Vo Vo<br/>\n
Action.c(109):               ht}<br/>\n
Action.c(109):               <br/>\n
Action.c(109):               Total Charge: $ 0 <BR/> (CC: x-)\n
Action.c(109):           </td> </tr> </table>\n
Action.c(109):           </center>\n
Action.c(109):       </TD>\n
Action.c(109):     </TR>\n
Action.c(109):     <TR bgcolor="#EFF2F7">\n
Action.c(109):       <TD COLSPAN="3">\n
Action.c(109):       <b>Flight Details:</b><BR/>  <center>\n
Action.c(109):       Vo\n
Action.c(109):      :  8am : Flight  leaves Denver  for Denver.<br>  </center>\n
Action.c(109):       </TD>\n
Action.c(109):     </TR>\n
Action.c(109):     \n
Action.c(109):     <TR bgcolor="#EFF2F7">\n
Action.c(109):       <TD COLSPAN="4">\n
Action.c(109):       <hr/>\n
Action.c(109):       </TD>\n
Action.c(109):     </TR>\n
Action.c(109):     \n
Action.c(109):     <!-- Flight #1 -->\n
Action.c(109):     <TR bgcolor="#EFF2F7">\n
Action.c(109):       <TD width="5%" rowspan="2" align="left" valign="top">\n
Action.c(109):     <b>\n
Action.c(109):     <label><input type="checkbox" name="21" value="on" /></label></font></b>\n
Action.c(109):     <input type="hidden" name="flightID" value="0-16-1"  />\n
Action.c(109):       </TD>\n
Action.c(109):       <TD width="45%" valign="top">\n
Action.c(109):           <b>&nbsp;&nbsp;Vo Vo\n
Action.c(109):      class tickets for :</b><br/>\n
Action.c(109):           <center><table border="0" width="85%"><tr><td>\n
Action.c(109):     Vo\n
Action.c(109):           <li><i></i>\n
Action.c(109):           </td></tr></table></center>\n
Action.c(109):       </TD>\n
Action.c(109):       <TD width="5%" >.<br/>.<br/>.<br/>.</TD>\n
Action.c(109):       <TD width="45%" valign=top><b>Invoice sent to:</b><br/>\n
Action.c(109):           <center>\n
Action.c(109):           <Table width="80%" cellspacing="0" > <tr> <td>\n
Action.c(109):               1 <br/>\n
Action.c(109):               ;Vo Vo<br/>\n
Action.c(109):               ht}<br/>\n
Action.c(109):               <br/>\n
Action.c(109):               Total Charge: $ 0 <BR/> (CC: x-)\n
Action.c(109):           </td> </tr> </table>\n
Action.c(109):           </center>\n
Action.c(109):       </TD>\n
Action.c(109):     </TR>\n
Action.c(109):     <TR bgcolor="#EFF2F7">\n
Action.c(109):       <TD COLSPAN="3">\n
Action.c(109):       <b>Flight Details:</b><BR/>  <center>\n
Action.c(109):       Vo\n
Action.c(109):      :  8am : Flight  leaves Denver  for Denver.<br>  </center>\n
Action.c(109):       </TD>\n
Action.c(109):     </TR>\n
Action.c(109):     \n
Action.c(109):     <TR bgcolor="#EFF2F7">\n
Action.c(109):       <TD COLSPAN="4">\n
Action.c(109):       <hr/>\n
Action.c(109):       </TD>\n
Action.c(109):     </TR>\n
Action.c(109):     \n
Action.c(109):     <!-- Flight #1 -->\n
Action.c(109):     <TR bgcolor="#EFF2F7">\n
Action.c(109):       <TD width="5%" rowspan="2" align="left" valign="top">\n
Action.c(109):     <b>\n
Action.c(109):     <label><input type="checkbox" name="22" value="on" /></label></font></b>\n
Action.c(109):     <input type="hidden" name="flightID" value="0-16-1"  />\n
Action.c(109):       </TD>\n
Action.c(109):       <TD width="45%" valign="top">\n
Action.c(109):           <b>&nbsp;&nbsp;Vo Vo\n
Action.c(109):      class tickets for :</b><br/>\n
Action.c(109):           <center><table border="0" width="85%"><tr><td>\n
Action.c(109):     Vo\n
Action.c(109):           <li><i></i>\n
Action.c(109):           </td></tr></table></center>\n
Action.c(109):       </TD>\n
Action.c(109):       <TD width="5%" >.<br/>.<br/>.<br/>.</TD>\n
Action.c(109):       <TD width="45%" valign=top><b>Invoice sent to:</b><br/>\n
Action.c(109):           <center>\n
Action.c(109):           <Table width="80%" cellspacing="0" > <tr> <td>\n
Action.c(109):               1 <br/>\n
Action.c(109):               ;Vo Vo<br/>\n
Action.c(109):               ht}<br/>\n
Action.c(109):               <br/>\n
Action.c(109):               Total Charge: $ 0 <BR/> (CC: x-)\n
Action.c(109):           </td> </tr> </table>\n
Action.c(109):           </center>\n
Action.c(109):       </TD>\n
Action.c(109):     </TR>\n
Action.c(109):     <TR bgcolor="#EFF2F7">\n
Action.c(109):       <TD COLSPAN="3">\n
Action.c(109):       <b>Flight Details:</b><BR/>  <center>\n
Action.c(109):       Vo\n
Action.c(109):      :  8am : Flight  leaves Denver  for Denver.<br>  </center>\n
Action.c(109):       </TD>\n
Action.c(109):     </TR>\n
Action.c(109):     \n
Action.c(109):     <TR bgcolor="#EFF2F7">\n
Action.c(109):       <TD COLSPAN="4">\n
Action.c(109):       <hr/>\n
Action.c(109):       </TD>\n
Action.c(109):     </TR>\n
Action.c(109):     \n
Action.c(109):     <!-- Flight #1 -->\n
Action.c(109):     <TR bgcolor="#EFF2F7">\n
Action.c(109):       <TD width="5%" rowspan="2" align="left" valign="top">\n
Action.c(109):     <b>\n
Action.c(109):     <label><input type="checkbox" name="23" value="on" /></label></font></b>\n
Action.c(109):     <input type="hidden" name="flightID" value="0-17-1"  />\n
Action.c(109):       </TD>\n
Action.c(109):       <TD width="45%" valign="top">\n
Action.c(109):           <b>&nbsp;&nbsp;Vo Vo\n
Action.c(109):      class tickets for :</b><br/>\n
Action.c(109):           <center><table border="0" width="85%"><tr><td>\n
Action.c(109):     Vo\n
Action.c(109):           <li><i></i>\n
Action.c(109):           </td></tr></table></center>\n
Action.c(109):       </TD>\n
Action.c(109):       <TD width="5%" >.<br/>.<br/>.<br/>.</TD>\n
Action.c(109):       <TD width="45%" valign=top><b>Invoice sent to:</b><br/>\n
Action.c(109):           <center>\n
Action.c(109):           <Table width="80%" cellspacing="0" > <tr> <td>\n
Action.c(109):               1 <br/>\n
Action.c(109):               ;Vo Vo<br/>\n
Action.c(109):               ht}<br/>\n
Action.c(109):               <br/>\n
Action.c(109):               Total Charge: $ 0 <BR/> (CC: x-)\n
Action.c(109):           </td> </tr> </table>\n
Action.c(109):           </center>\n
Action.c(109):       </TD>\n
Action.c(109):     </TR>\n
Action.c(109):     <TR bgcolor="#EFF2F7">\n
Action.c(109):       <TD COLSPAN="3">\n
Action.c(109):       <b>Flight Details:</b><BR/>  <center>\n
Action.c(109):       Vo\n
Action.c(109):      :  8am : Flight  leaves Denver  for Denver.<br>  </center>\n
Action.c(109):       </TD>\n
Action.c(109):     </TR>\n
Action.c(109):     \n
Action.c(109):     <TR bgcolor="#EFF2F7">\n
Action.c(109):       <TD COLSPAN="4">\n
Action.c(109):       <hr/>\n
Action.c(109):       </TD>\n
Action.c(109):     </TR>\n
Action.c(109):     \n
Action.c(109):     <!-- Flight #1 -->\n
Action.c(109):     <TR bgcolor="#EFF2F7">\n
Action.c(109):       <TD width="5%" rowspan="2" align="left" valign="top">\n
Action.c(109):     <b>\n
Action.c(109):     <label><input type="checkbox" name="24" value="on" /></label></font></b>\n
Action.c(109):     <input type="hidden" name="flightID" value="0-18-1"  />\n
Action.c(109):       </TD>\n
Action.c(109):       <TD width="45%" valign="top">\n
Action.c(109):           <b>&nbsp;&nbsp;Vo Vo\n
Action.c(109):      class tickets for :</b><br/>\n
Action.c(109):           <center><table border="0" width="85%"><tr><td>\n
Action.c(109):     Vo\n
Action.c(109):           <li><i></i>\n
Action.c(109):           </td></tr></table></center>\n
Action.c(109):       </TD>\n
Action.c(109):       <TD width="5%" >.<br/>.<br/>.<br/>.</TD>\n
Action.c(109):       <TD width="45%" valign=top><b>Invoice sent to:</b><br/>\n
Action.c(109):           <center>\n
Action.c(109):           <Table width="80%" cellspacing="0" > <tr> <td>\n
Action.c(109):               1 <br/>\n
Action.c(109):               ;Vo Vo<br/>\n
Action.c(109):               ht}<br/>\n
Action.c(109):               <br/>\n
Action.c(109):               Total Charge: $ 0 <BR/> (CC: x-)\n
Action.c(109):           </td> </tr> </table>\n
Action.c(109):           </center>\n
Action.c(109):       </TD>\n
Action.c(109):     </TR>\n
Action.c(109):     <TR bgcolor="#EFF2F7">\n
Action.c(109):       <TD COLSPAN="3">\n
Action.c(109):       <b>Flight Details:</b><BR/>  <center>\n
Action.c(109):       Vo\n
Action.c(109):      :  8am : Flight  leaves Denver  for Denver.<br>  </center>\n
Action.c(109):       </TD>\n
Action.c(109):     </TR>\n
Action.c(109):     \n
Action.c(109):     <TR bgcolor="#EFF2F7">\n
Action.c(109):       <TD COLSPAN="4">\n
Action.c(109):       <hr/>\n
Action.c(109):       </TD>\n
Action.c(109):     </TR>\n
Action.c(109):     \n
Action.c(109):     <!-- Flight #1 -->\n
Action.c(109):     <TR bgcolor="#EFF2F7">\n
Action.c(109):       <TD width="5%" rowspan="2" align="left" valign="top">\n
Action.c(109):     <b>\n
Action.c(109):     <label><input type="checkbox" name="25" value="on" /></label></font></b>\n
Action.c(109):     <input type="hidden" name="flightID" value="0-19-1"  />\n
Action.c(109):       </TD>\n
Action.c(109):       <TD width="45%" valign="top">\n
Action.c(109):           <b>&nbsp;&nbsp;Vo Vo\n
Action.c(109):      class tickets for :</b><br/>\n
Action.c(109):           <center><table border="0" width="85%"><tr><td>\n
Action.c(109):     Vo\n
Action.c(109):           <li><i></i>\n
Action.c(109):           </td></tr></table></center>\n
Action.c(109):       </TD>\n
Action.c(109):       <TD width="5%" >.<br/>.<br/>.<br/>.</TD>\n
Action.c(109):       <TD width="45%" valign=top><b>Invoice sent to:</b><br/>\n
Action.c(109):           <center>\n
Action.c(109):           <Table width="80%" cellspacing="0" > <tr> <td>\n
Action.c(109):               1 <br/>\n
Action.c(109):               ;Vo Vo<br/>\n
Action.c(109):               ht}<br/>\n
Action.c(109):               <br/>\n
Action.c(109):               Total Charge: $ 0 <BR/> (CC: x-)\n
Action.c(109):           </td> </tr> </table>\n
Action.c(109):           </center>\n
Action.c(109):       </TD>\n
Action.c(109):     </TR>\n
Action.c(109):     <TR bgcolor="#EFF2F7">\n
Action.c(109):       <TD COLSPAN="3">\n
Action.c(109):       <b>Flight Details:</b><BR/>  <center>\n
Action.c(109):       Vo\n
Action.c(109):      :  8am : Flight  leaves Denver  for Denver.<br>  </center>\n
Action.c(109):       </TD>\n
Action.c(109):     </TR>\n
Action.c(109):     \n
Action.c(109):     <TR bgcolor="#EFF2F7">\n
Action.c(109):       <TD COLSPAN="4">\n
Action.c(109):       <hr/>\n
Action.c(109):       </TD>\n
Action.c(109):     </TR>\n
Action.c(109):     \n
Action.c(109):     <!-- Flight #1 -->\n
Action.c(109):     <TR bgcolor="#EFF2F7">\n
Action.c(109):       <TD width="5%" rowspan="2" align="left" valign="top">\n
Action.c(109):     <b>\n
Action.c(109):     <label><input type="checkbox" name="26" value="on" /></label></font></b>\n
Action.c(109):     <input type="hidden" name="flightID" value="0-2-1"  />\n
Action.c(109):       </TD>\n
Action.c(109):       <TD width="45%" valign="top">\n
Action.c(109):           <b>&nbsp;&nbsp;  class tickets for :</b><br/>\n
Action.c(109):           <center><table border="0" width="85%"><tr><td>\n
Action.c(109):     Vo\n
Action.c(109):           <li><i></i>\n
Action.c(109):           </td></tr></table></center>\n
Action.c(109):       </TD>\n
Action.c(109):       <TD width="5%" >.<br/>.<br/>.<br/>.</TD>\n
Action.c(109):       <TD width="45%" valign=top><b>Invoice sent to:</b><br/>\n
Action.c(109):           <center>\n
Action.c(109):           <Table width="80%" cellspacing="0" > <tr> <td>\n
Action.c(109):               1 <br/>\n
Action.c(109):               ;Vo Vo<br/>\n
Action.c(109):               ht}<br/>\n
Action.c(109):               <br/>\n
Action.c(109):               Total Charge: $ 0 <BR/> (CC: x-)\n
Action.c(109):           </td> </tr> </table>\n
Action.c(109):           </center>\n
Action.c(109):       </TD>\n
Action.c(109):     </TR>\n
Action.c(109):     <TR bgcolor="#EFF2F7">\n
Action.c(109):       <TD COLSPAN="3">\n
Action.c(109):       <b>Flight Details:</b><BR/>  <center>\n
Action.c(109):        :  8am : Flight Vo\n
Action.c(109):      leaves Denver  for Denver.<br>  </center>\n
Action.c(109):       </TD>\n
Action.c(109):     </TR>\n
Action.c(109):     \n
Action.c(109):     <TR bgcolor="#EFF2F7">\n
Action.c(109):       <TD COLSPAN="4">\n
Action.c(109):       <hr/>\n
Action.c(109):       </TD>\n
Action.c(109):     </TR>\n
Action.c(109):     \n
Action.c(109):     <!-- Flight #1 -->\n
Action.c(109):     <TR bgcolor="#EFF2F7">\n
Action.c(109):       <TD width="5%" rowspan="2" align="left" valign="top">\n
Action.c(109):     <b>\n
Action.c(109):     <label><input type="checkbox" name="27" value="on" /></label></font></b>\n
Action.c(109):     <input type="hidden" name="flightID" value="0-2-1"  />\n
Action.c(109):       </TD>\n
Action.c(109):       <TD width="45%" valign="top">\n
Action.c(109):           <b>&nbsp;&nbsp;Vo Vo\n
Action.c(109):      class tickets for :</b><br/>\n
Action.c(109):           <center><table border="0" width="85%"><tr><td>\n
Action.c(109):     Vo\n
Action.c(109):           <li><i></i>\n
Action.c(109):           </td></tr></table></center>\n
Action.c(109):       </TD>\n
Action.c(109):       <TD width="5%" >.<br/>.<br/>.<br/>.</TD>\n
Action.c(109):       <TD width="45%" valign=top><b>Invoice sent to:</b><br/>\n
Action.c(109):           <center>\n
Action.c(109):           <Table width="80%" cellspacing="0" > <tr> <td>\n
Action.c(109):               1 <br/>\n
Action.c(109):               ;Vo 
Action.c(109): t=1274991ms: 8-byte chunked response overhead for "http://localhost:1080/cgi-bin/itinerary.pl" (RelFrameId=1.2, Internal ID=414)
Action.c(109):     \r\n
Action.c(109):     1000\r\n
Action.c(109): t=1274991ms: 7-byte chunked response overhead for "http://localhost:1080/cgi-bin/itinerary.pl" (RelFrameId=1.2, Internal ID=414)
Action.c(109):     \r\n
Action.c(109):     12f\r\n
Action.c(109): t=1274991ms: 7-byte chunked response overhead for "http://localhost:1080/cgi-bin/itinerary.pl" (RelFrameId=1.2, Internal ID=414)
Action.c(109):     \r\n
Action.c(109):     0\r\n
Action.c(109):     \r\n
Action.c(109): t=1274992ms: 4447-byte chunked response body for "http://localhost:1080/cgi-bin/itinerary.pl" (RelFrameId=1.2, Internal ID=414)
Action.c(109):     Vo<br/>\n
Action.c(109):               {outboundFlight}<br/>\n
Action.c(109):               <br/>\n
Action.c(109):               Total Charge: $ 0 <BR/> (CC: x-0)\n
Action.c(109):           </td> </tr> </table>\n
Action.c(109):           </center>\n
Action.c(109):       </TD>\n
Action.c(109):     </TR>\n
Action.c(109):     <TR bgcolor="#EFF2F7">\n
Action.c(109):       <TD COLSPAN="3">\n
Action.c(109):       <b>Flight Details:</b><BR/>  <center>\n
Action.c(109):        :  8am : Flight Vo\n
Action.c(109):      leaves Denver  for Denver.<br>  </center>\n
Action.c(109):       </TD>\n
Action.c(109):     </TR>\n
Action.c(109):     \n
Action.c(109):     <TR bgcolor="#EFF2F7">\n
Action.c(109):       <TD COLSPAN="4">\n
Action.c(109):       <hr/>\n
Action.c(109):       </TD>\n
Action.c(109):     </TR>\n
Action.c(109):     \n
Action.c(109):     <!-- Flight #1 -->\n
Action.c(109):     <TR bgcolor="#EFF2F7">\n
Action.c(109):       <TD width="5%" rowspan="2" align="left" valign="top">\n
Action.c(109):     <b>\n
Action.c(109):     <label><input type="checkbox" name="28" value="on" /></label></font></b>\n
Action.c(109):     <input type="hidden" name="flightID" value="0-2-1"  />\n
Action.c(109):       </TD>\n
Action.c(109):       <TD width="45%" valign="top">\n
Action.c(109):           <b>&nbsp;&nbsp;Vo Vo\n
Action.c(109):      class tickets for :</b><br/>\n
Action.c(109):           <center><table border="0" width="85%"><tr><td>\n
Action.c(109):     Vo\n
Action.c(109):           <li><i></i>\n
Action.c(109):           </td></tr></table></center>\n
Action.c(109):       </TD>\n
Action.c(109):       <TD width="5%" >.<br/>.<br/>.<br/>.</TD>\n
Action.c(109):       <TD width="45%" valign=top><b>Invoice sent to:</b><br/>\n
Action.c(109):           <center>\n
Action.c(109):           <Table width="80%" cellspacing="0" > <tr> <td>\n
Action.c(109):               1 <br/>\n
Action.c(109):               ;Vo Vo<br/>\n
Action.c(109):               {outboundFlight}<br/>\n
Action.c(109):               <br/>\n
Action.c(109):               Total Charge: $ 0 <BR/> (CC: x-0)\n
Action.c(109):           </td> </tr> </table>\n
Action.c(109):           </center>\n
Action.c(109):       </TD>\n
Action.c(109):     </TR>\n
Action.c(109):     <TR bgcolor="#EFF2F7">\n
Action.c(109):       <TD COLSPAN="3">\n
Action.c(109):       <b>Flight Details:</b><BR/>  <center>\n
Action.c(109):        :  8am : Flight Vo\n
Action.c(109):      leaves Denver  for Denver.<br>  </center>\n
Action.c(109):       </TD>\n
Action.c(109):     </TR>\n
Action.c(109):     \n
Action.c(109):     <TR bgcolor="#EFF2F7">\n
Action.c(109):       <TD COLSPAN="4">\n
Action.c(109):       <hr/>\n
Action.c(109):       </TD>\n
Action.c(109):     </TR>\n
Action.c(109):     \n
Action.c(109):     <!-- Flight #1 -->\n
Action.c(109):     <TR bgcolor="#EFF2F7">\n
Action.c(109):       <TD width="5%" rowspan="2" align="left" valign="top">\n
Action.c(109):     <b>\n
Action.c(109):     <label><input type="checkbox" name="29" value="on" /></label></font></b>\n
Action.c(109):     <input type="hidden" name="flightID" value="0-22-1"  />\n
Action.c(109):       </TD>\n
Action.c(109):       <TD width="45%" valign="top">\n
Action.c(109):           <b>&nbsp;&nbsp;  class tickets for :</b><br/>\n
Action.c(109):           <center><table border="0" width="85%"><tr><td>\n
Action.c(109):     </i>\n
Action.c(109):           </td></tr></table></center>\n
Action.c(109):       </TD>\n
Action.c(109):       <TD width="5%" >.<br/>.<br/>.<br/>.</TD>\n
Action.c(109):       <TD width="45%" valign=top><b>Invoice sent to:</b><br/>\n
Action.c(109):           <center>\n
Action.c(109):           <Table width="80%" cellspacing="0" > <tr> <td>\n
Action.c(109):               1 <br/>\n
Action.c(109):               ;Vo Vo<br/>\n
Action.c(109):               {outboundFlight}<br/>\n
Action.c(109):               <br/>\n
Action.c(109):               Total Charge: $ 0 <BR/> (CC: x-0)\n
Action.c(109):           </td> </tr> </table>\n
Action.c(109):           </center>\n
Action.c(109):       </TD>\n
Action.c(109):     </TR>\n
Action.c(109):     <TR bgcolor="#EFF2F7">\n
Action.c(109):       <TD COLSPAN="3">\n
Action.c(109):       <b>Flight Details:</b><BR/>  <center>\n
Action.c(109):        :  8am : Flight  leaves Denver  for Denver.<br>  </center>\n
Action.c(109):       </TD>\n
Action.c(109):     </TR>\n
Action.c(109):     \n
Action.c(109):     <TR bgcolor="#EFF2F7">\n
Action.c(109):       <TD COLSPAN="4">\n
Action.c(109):       <hr/>\n
Action.c(109):       </TD>\n
Action.c(109):     </TR>\n
Action.c(109):     <TR>\n
Action.c(109):        <TD align="center" COLSPAN="4">\n
Action.c(109):        <b>A total of 29 scheduled flights.</font></b>\n
Action.c(109):        </TD>\n
Action.c(109):     </TR>\n
Action.c(109):     </TABLE>\n
Action.c(109):     \n
Action.c(109):     <TABLE WIDTH="87%" BORDER="0" CELLSPACING="0">\n
Action.c(109):     <TR>\n
Action.c(109):     <TD align="left" width="50%" >\n
Action.c(109):     <input type="image" name="removeFlights" src="/WebTours/images/cancelreservation.gif" bord
Action.c(109):     er="0" /></TD>\n
Action.c(109):     <TD align="right" width="50%" >\n
Action.c(109):     <input type="image" name="removeAllFlights" src="/WebTours/images/cancelallreservations.gi
Action.c(109):     f" border="0" /></TD>\n
Action.c(109):     </TABLE>\n
Action.c(109):     \n
Action.c(109):     <div><input type="hidden" name=".cgifields" value="11"  /><input type="hidden" name=".cgif
Action.c(109):     ields" value="21"  /><input type="hidden" name=".cgifields" value="7"  /><input type="hidd
Action.c(109):     en" name=".cgifields" value="26"  /><input type="hidden" name=".cgifields" value="17"  /><
Action.c(109):     input type="hidden" name=".cgifields" value="2"  /><input type="hidden" name=".cgifields" 
Action.c(109):     value="22"  /><input type="hidden" name=".cgifields" value="1"  /><input type="hidden" nam
Action.c(109):     e=".cgifields" value="18"  /><input type="hidden" name=".cgifields" value="23"  /><input t
Action.c(109):     ype="hidden" name=".cgifields" value="16"  /><input type="hidden" name=".cgifields" value=
Action.c(109):     "13"  /><input type="hidden" name=".cgifields" value="29"  /><input type="hidden" name=".c
Action.c(109):     gifields" value="27"  /><input type="hidden" name=".cgifields" value="25"  /><input type="
Action.c(109):     hidden" name=".cgifields" value="6"  /><input type="hidden" name=".cgifields" value="28"  
Action.c(109):     /><input type="hidden" name=".cgifields" value="3"  /><input type="hidden" name=".cgifield
Action.c(109):     s" value="9"  /><input type="hidden" name=".cgifields" value="12"  /><input type="hidden" 
Action.c(109):     name=".cgifields" value="20"  /><input type="hidden" name=".cgifields" value="14"  /><inpu
Action.c(109):     t type="hidden" name=".cgifields" value="15"  /><input type="hidden" name=".cgifields" val
Action.c(109):     ue="8"  /><input type="hidden" name=".cgifields" value="4"  /><input type="hidden" name=".
Action.c(109):     cgifields" value="24"  /><input type="hidden" name=".cgifields" value="19"  /><input type=
Action.c(109):     "hidden" name=".cgifields" value="10"  /><input type="hidden" name=".cgifields" value="5" 
Action.c(109):      /></div></form>\n
Action.c(109):     \n
Action.c(109):     </center>\n
Action.c(109):     \n
Action.c(109):     </body>\n
Action.c(109):     </html>
Action.c(109): Found resource "http://localhost:1080/WebTours/images/cancelreservation.gif" in HTML "http://localhost:1080/cgi-bin/itinerary.pl"  	[MsgId: MMSG-26659]
Action.c(109): Found resource "http://localhost:1080/WebTours/images/cancelallreservations.gif" in HTML "http://localhost:1080/cgi-bin/itinerary.pl"  	[MsgId: MMSG-26659]
Action.c(109): t=1274997ms: Request done "http://localhost:1080/cgi-bin/itinerary.pl"  	[MsgId: MMSG-26000]
Action.c(109): t=1274997ms: Already connected [0] to localhost:1080  	[MsgId: MMSG-26000]
Action.c(109): t=1274997ms: 724-byte request headers for "http://localhost:1080/WebTours/images/cancelreservation.gif" (RelFrameId=, Internal ID=417)
Action.c(109):     GET /WebTours/images/cancelreservation.gif HTTP/1.1\r\n
Action.c(109):     Referer: http://localhost:1080/cgi-bin/itinerary.pl\r\n
Action.c(109):     Sec-Fetch-Site: same-origin\r\n
Action.c(109):     Sec-Fetch-Dest: frame\r\n
Action.c(109):     Sec-Fetch-Mode: navigate\r\n
Action.c(109):     sec-ch-ua: " Not;A Brand";v="99", "Google Chrome";v="91", "Chromium";v="91"\r\n
Action.c(109):     sec-ch-ua-mobile: ?0\r\n
Action.c(109):     Sec-Fetch-User: ?1\r\n
Action.c(109):     Upgrade-Insecure-Requests: 1\r\n
Action.c(109):     User-Agent: Mozilla/5.0 (Windows NT 10.0; Win64; x64) AppleWebKit/537.36 (KHTML, like Geck
Action.c(109):     o) Chrome/91.0.4472.77 Safari/537.36\r\n
Action.c(109):     Accept-Encoding: gzip, deflate\r\n
Action.c(109):     Accept-Language: ru-RU,ru;q=0.9\r\n
Action.c(109):     Accept: */*\r\n
Action.c(109):     Connection: Keep-Alive\r\n
Action.c(109):     Host: localhost:1080\r\n
Action.c(109):     Cookie: MSO=SID&1622819217; MTUserInfo=firstName&Vo&address2&Vo&username&Vo1&hash&81&lastN
Action.c(109):     ame&Vo%0A&address1&Vo&creditCard&&expDate&%0A\r\n
Action.c(109):     \r\n
Action.c(109): t=1274998ms: Already connected [1] to localhost:1080  	[MsgId: MMSG-26000]
Action.c(109): t=1274998ms: 728-byte request headers for "http://localhost:1080/WebTours/images/cancelallreservations.gif" (RelFrameId=, Internal ID=418)
Action.c(109):     GET /WebTours/images/cancelallreservations.gif HTTP/1.1\r\n
Action.c(109):     Referer: http://localhost:1080/cgi-bin/itinerary.pl\r\n
Action.c(109):     Sec-Fetch-Site: same-origin\r\n
Action.c(109):     Sec-Fetch-Dest: frame\r\n
Action.c(109):     Sec-Fetch-Mode: navigate\r\n
Action.c(109):     sec-ch-ua: " Not;A Brand";v="99", "Google Chrome";v="91", "Chromium";v="91"\r\n
Action.c(109):     sec-ch-ua-mobile: ?0\r\n
Action.c(109):     Sec-Fetch-User: ?1\r\n
Action.c(109):     Upgrade-Insecure-Requests: 1\r\n
Action.c(109):     User-Agent: Mozilla/5.0 (Windows NT 10.0; Win64; x64) AppleWebKit/537.36 (KHTML, like Geck
Action.c(109):     o) Chrome/91.0.4472.77 Safari/537.36\r\n
Action.c(109):     Accept-Encoding: gzip, deflate\r\n
Action.c(109):     Accept-Language: ru-RU,ru;q=0.9\r\n
Action.c(109):     Accept: */*\r\n
Action.c(109):     Connection: Keep-Alive\r\n
Action.c(109):     Host: localhost:1080\r\n
Action.c(109):     Cookie: MSO=SID&1622819217; MTUserInfo=firstName&Vo&address2&Vo&username&Vo1&hash&81&lastN
Action.c(109):     ame&Vo%0A&address1&Vo&creditCard&&expDate&%0A\r\n
Action.c(109):     \r\n
Action.c(109): t=1274999ms: 297-byte response headers for "http://localhost:1080/WebTours/images/cancelreservation.gif" (RelFrameId=, Internal ID=417)
Action.c(109):     HTTP/1.1 200 OK\r\n
Action.c(109):     Date: Fri, 04 Jun 2021 15:07:07 GMT\r\n
Action.c(109):     Server: Apache/2.2.21 (Win32)\r\n
Action.c(109):     Last-Modified: Thu, 12 Jan 2012 13:30:27 GMT\r\n
Action.c(109):     ETag: "c00000003abf5-33f-4b654c052c2c0"\r\n
Action.c(109):     Accept-Ranges: bytes\r\n
Action.c(109):     Content-Length: 831\r\n
Action.c(109):     Keep-Alive: timeout=5, max=98\r\n
Action.c(109):     Connection: Keep-Alive\r\n
Action.c(109):     Content-Type: image/gif\r\n
Action.c(109):     \r\n
Action.c(109): t=1274999ms: 831-byte response body for "http://localhost:1080/WebTours/images/cancelreservation.gif" (RelFrameId=, Internal ID=417)
Action.c(109): t=1274999ms: Request done "http://localhost:1080/WebTours/images/cancelreservation.gif"  	[MsgId: MMSG-26000]
Action.c(109): t=1275000ms: 297-byte response headers for "http://localhost:1080/WebTours/images/cancelallreservations.gif" (RelFrameId=, Internal ID=418)
Action.c(109):     HTTP/1.1 200 OK\r\n
Action.c(109):     Date: Fri, 04 Jun 2021 15:07:07 GMT\r\n
Action.c(109):     Server: Apache/2.2.21 (Win32)\r\n
Action.c(109):     Last-Modified: Thu, 12 Jan 2012 13:30:27 GMT\r\n
Action.c(109):     ETag: "c00000003abf1-2e6-4b654c052c2c0"\r\n
Action.c(109):     Accept-Ranges: bytes\r\n
Action.c(109):     Content-Length: 742\r\n
Action.c(109):     Keep-Alive: timeout=5, max=99\r\n
Action.c(109):     Connection: Keep-Alive\r\n
Action.c(109):     Content-Type: image/gif\r\n
Action.c(109):     \r\n
Action.c(109): t=1275000ms: 742-byte response body for "http://localhost:1080/WebTours/images/cancelallreservations.gif" (RelFrameId=, Internal ID=418)
Action.c(109): t=1275000ms: Request done "http://localhost:1080/WebTours/images/cancelallreservations.gif"  	[MsgId: MMSG-26000]
Action.c(109): Registered web_reg_find successful for "Text=User wants the intineraries" (count=1)  	[MsgId: MMSG-26364]
Action.c(109): web_url("Itinerary Button") was successful, 38014 body bytes, 1917 header bytes, 99 chunking overhead bytes  	[MsgId: MMSG-26385]
Action.c(119): Notify: Transaction "Itinerary" ended with a "Pass" status (Duration: 5,3661 Think Time: 5,0118 Wasted Time: 0,0001).	[MsgId: MMSG-16870]
Action.c(121): Notify: Transaction "4_Checking_reservation" ended with a "Pass" status (Duration: 10,7883 Think Time: 10,0115 Wasted Time: 0,0018).	[MsgId: MMSG-16870]
Ending action Action.	[MsgId: MMSG-15918]
Ending iteration 19.	[MsgId: MMSG-15965]
Waiting 59,2100 seconds for iteration pacing.	[MsgId: MMSG-15996]
Action was aborted.	[MsgId: MMSG-10694]
Ending Vuser...	[MsgId: MMSG-15966]
Starting action vuser_end.	[MsgId: MMSG-15919]
Ending action vuser_end.	[MsgId: MMSG-15918]
Vuser Terminated.	[MsgId: MMSG-15963]
t=1327304ms: Closed connection [0] to localhost:1080 after completing 3 request(s)  	[MsgId: MMSG-26000]
t=1327305ms: Closed connection [1] to localhost:1080 after completing 2 request(s)  	[MsgId: MMSG-26000]
t=1327306ms: Closed connection [2] to localhost:1080 after completing 1 request(s)  	[MsgId: MMSG-26000]
t=1327306ms: Closed connection [3] to localhost:1080 after completing 1 request(s)  	[MsgId: MMSG-26000]
Action was aborted.	[MsgId: MMSG-10694]
Ending Vuser...	[MsgId: MMSG-15966]
Starting action vuser_end.	[MsgId: MMSG-15919]
Ending action vuser_end.	[MsgId: MMSG-15918]
Vuser Terminated.	[MsgId: MMSG-15963]
t=1327309ms: Closed connection [0] to localhost:1080 after completing 3 request(s)  	[MsgId: MMSG-26000]
t=1327309ms: Closed connection [1] to localhost:1080 after completing 2 request(s)  	[MsgId: MMSG-26000]
t=1327309ms: Closed connection [3] to localhost:1080 after completing 1 request(s)  	[MsgId: MMSG-26000]
t=1327310ms: Closed connection [5] to localhost:1080 after completing 1 request(s)  	[MsgId: MMSG-26000]
HTML-Mode memory management statistics: Reusable=9, NonReusable=0, CsMemBlockSize=4096, checks disabled  	[MsgId: MMSG-26000]
Vuser 0 (thread 20380), ended OK."	[MsgId: MMSG-10695]
HTML-Mode memory management statistics: Reusable=9, NonReusable=0, CsMemBlockSize=4096, checks disabled  	[MsgId: MMSG-26000]
Vuser 1 (thread 22008), ended OK."	[MsgId: MMSG-10695]
