Action.c(228): Detected non-resource "http://localhost:1080/cgi-bin/nav.pl?in=home" in "http://localhost:1080/cgi-bin/welcome.pl?signOff=1"  	[MsgId: MMSG-26574]
Action.c(228): Detected non-resource "http://localhost:1080/WebTours/home.html" in "http://localhost:1080/cgi-bin/welcome.pl?signOff=1"  	[MsgId: MMSG-26574]
Action.c(228): Retrieving data from cache for "http://localhost:1080/WebTours/home.html"  	[MsgId: MMSG-26558]
Action.c(228): t=1308056ms: 1361-byte response body retrieved from cache for "http://localhost:1080/WebTours/home.html" (RelFrameId=1.2, Internal ID=416)
Action.c(228):     <HTML>\n
Action.c(228):     <HEAD>\n
Action.c(228):     \t<title>Web Tours</title>\n
Action.c(228):     </HEAD>\n
Action.c(228):     <style>\n
Action.c(228):     \tblockquote {font-family: tahoma; font-size : 10pt}\n
Action.c(228):     \tH1 {font-family: tahoma; font-size : 22pt; color: #003366}\n
Action.c(228):     \tsmall {font-family: tahoma; font-size : 8pt}\n
Action.c(228):     \tH3{font-family: tahoma; font-size : 10pt; color: black}\n
Action.c(228):     \tA {FONT-WEIGHT: bold; FONT-SIZE: 10pt; COLOR: black; FONT-FAMILY: Tahoma; TEXT-DECORATIO
Action.c(228):     N: none}\n
Action.c(228):     \tA:hover{ FONT-WEIGHT: bold; FONT-SIZE: 10pt; COLOR: #993333; FONT-FAMILY: Tahoma;TEXT-DE
Action.c(228):     CORATION: underline}\n
Action.c(228):     \tTD {font-family: tahoma; font-size : 10pt; color: black}\n
Action.c(228):     </style>\n
Action.c(228):     <body bgcolor="#e0e7f1">\n
Action.c(228):     <BR/>\n
Action.c(228):     <BR/>\n
Action.c(228):     <BR/>\n
Action.c(228):     <br/>\n
Action.c(228):     <table border="0">\n
Action.c(228):     <tr><td></td></tr>\n
Action.c(228):     <TR><TD></TD></TR>\n
Action.c(228):     <TR><TD>\n
Action.c(228):     <blockquote>\n
Action.c(228):     <H1><b>Web Tours</b></H1>\n
Action.c(228):     Welcome to the Web Tours site.\n
Action.c(228):     <br/>\n
Action.c(228):     To make reservations,please enter your account information to the left.\n
Action.c(228):     <br/>\n
Action.c(228):     If you haven't registered yet, <A href="/cgi-bin/login.pl?username=&amp;password=&amp;getI
Action.c(228):     nfo=true" ><B>sign up now</B></A> to get access to all our resources.\n
Action.c(228):     <br/>\n
Action.c(228):     To configure the server options, use <A href="/cgi-bin/admin.pl" target="body" ><b>adminis
Action.c(228):     tration</b></A> link.\n
Action.c(228):     <br/><br/><br/><br/><br/><br/>\n
Action.c(228):     <br/><small>\n
Action.c(228):     This product uses parts of the SMT Kernel, Copyright (c) 1991-99 <A href="http://www.imati
Action.c(228):     x.com" target="new"><B><small>iMatix Corporation</small></B></A> \n
Action.c(228):     </small>\n
Action.c(228):     </blockquote></TD>\n
Action.c(228):     <TD></TD></TR>\n
Action.c(228):     </table>\n
Action.c(228):     </body>\n
Action.c(228):     </HTML>\n
Action.c(228): t=1308061ms: 5-byte chunked response overhead for "http://localhost:1080/cgi-bin/welcome.pl?signOff=1" (RelFrameId=1, Internal ID=414)
Action.c(228):     0\r\n
Action.c(228):     \r\n
Action.c(228): t=1308061ms: Request done "http://localhost:1080/cgi-bin/welcome.pl?signOff=1"  	[MsgId: MMSG-26000]
Action.c(228): t=1308062ms: Connecting [1] to host 127.0.0.1:1080  	[MsgId: MMSG-26000]
Action.c(228): t=1308063ms: Connected socket [1] from 127.0.0.1:1052 to 127.0.0.1:1080 in 1 ms  	[MsgId: MMSG-26000]
Action.c(228): t=1308064ms: 592-byte request headers for "http://localhost:1080/cgi-bin/nav.pl?in=home" (RelFrameId=1.1, Internal ID=415)
Action.c(228):     GET /cgi-bin/nav.pl?in=home HTTP/1.1\r\n
Action.c(228):     Referer: http://localhost:1080/cgi-bin/welcome.pl?signOff=1\r\n
Action.c(228):     Sec-Fetch-Site: same-origin\r\n
Action.c(228):     Sec-Fetch-Dest: frame\r\n
Action.c(228):     Sec-Fetch-Mode: navigate\r\n
Action.c(228):     sec-ch-ua: " Not;A Brand";v="99", "Google Chrome";v="91", "Chromium";v="91"\r\n
Action.c(228):     sec-ch-ua-mobile: ?0\r\n
Action.c(228):     Upgrade-Insecure-Requests: 1\r\n
Action.c(228):     User-Agent: Mozilla/5.0 (Windows NT 10.0; Win64; x64) AppleWebKit/537.36 (KHTML, like Geck
Action.c(228):     o) Chrome/91.0.4472.77 Safari/537.36\r\n
Action.c(228):     Accept-Encoding: gzip, deflate, br\r\n
Action.c(228):     Accept-Language: ru-RU,ru;q=0.9\r\n
Action.c(228):     Accept: */*\r\n
Action.c(228):     Connection: Keep-Alive\r\n
Action.c(228):     Host: localhost:1080\r\n
Action.c(228):     Cookie: MSO=SID&1622748613\r\n
Action.c(228):     \r\n
Action.c(228): t=1308228ms: 256-byte response headers for "http://localhost:1080/cgi-bin/nav.pl?in=home" (RelFrameId=1.1, Internal ID=415)
Action.c(228):     HTTP/1.1 200 OK\r\n
Action.c(228):     Date: Thu, 03 Jun 2021 19:30:13 GMT\r\n
Action.c(228):     Server: Apache/2.2.21 (Win32)\r\n
Action.c(228):     Expires: Wed, 02 Jun 2021 19:30:14 GMT\r\n
Action.c(228):     Keep-Alive: timeout=5, max=100\r\n
Action.c(228):     Connection: Keep-Alive\r\n
Action.c(228):     Transfer-Encoding: chunked\r\n
Action.c(228):     Content-Type: text/html; charset=ISO-8859-1\r\n
Action.c(228):     \r\n
Action.c(228): t=1308229ms: 5-byte chunked response overhead for "http://localhost:1080/cgi-bin/nav.pl?in=home" (RelFrameId=1.1, Internal ID=415)
Action.c(228):     5d2\r\n
Action.c(228): t=1308230ms: 2-byte chunked response overhead for "http://localhost:1080/cgi-bin/nav.pl?in=home" (RelFrameId=1.1, Internal ID=415)
Action.c(228):     \r\n
Action.c(228): t=1308230ms: 1490-byte chunked response body for "http://localhost:1080/cgi-bin/nav.pl?in=home" (RelFrameId=1.1, Internal ID=415)
Action.c(228):     <!DOCTYPE html\n
Action.c(228):     \tPUBLIC "-//W3C//DTD XHTML 1.0 Transitional//EN"\n
Action.c(228):     \t "http://www.w3.org/TR/xhtml1/DTD/xhtml1-transitional.dtd">\n
Action.c(228):     <html xmlns="http://www.w3.org/1999/xhtml" lang="en-US" xml:lang="en-US">\n
Action.c(228):     <head>\n
Action.c(228):     <title>Web Tours Navigation Bar</title>\n
Action.c(228):     <meta http-equiv="Content-Type" content="text/html; charset=iso-8859-1" />\n
Action.c(228):     </head>\n
Action.c(228):     <body bgcolor="#E0E7F1">\n
Action.c(228):     <style>\n
Action.c(228):     blockquote {font-family: tahoma; font-size : 10pt}\n
Action.c(228):     H1 {font-family: tahoma; font-size : 22pt; color: #993333}\n
Action.c(228):     H3 {font-family: tahoma; font-size : 10pt; color: black}\n
Action.c(228):     small {font-family: tahoma; font-size : 8pt}\n
Action.c(228):     </style>\n
Action.c(228):     <form method="post" action="/cgi-bin/login.pl" target="body">\n
Action.c(228):     <input type="hidden" name="userSession" value="131449.867395707zHzVtfcpfftVzzzHtAfzipHVfDc
Action.c(228):     f"/>\n
Action.c(228):     <table border="0"><tr><td>&nbsp;</td>\n
Action.c(228):     <td>&nbsp;</td></tr>\n
Action.c(228):     <tr><td>&nbsp;</td>\n
Action.c(228):     <td>&nbsp;</td></tr>\n
Action.c(228):     <tr><td>&nbsp;</td>\n
Action.c(228):     <td><small>&nbsp;Username</small></td></tr>\n
Action.c(228):     <tr><td>&nbsp;</td>\n
Action.c(228):     <td><input type="text" name="username" value="" size="14" maxlength="14"/></td></tr>\n
Action.c(228):     <tr><td>&nbsp;</td>\n
Action.c(228):     <td><small>&nbsp;Password</small></td>\n
Action.c(228):     <tr><td>&nbsp;</td>\n
Action.c(228):     <td><input type="password" name="password" value="" size="14" maxlength="14"/></td></tr>\n
Action.c(228):     <tr><td>&nbsp;</td>\n
Action.c(228):     <td>&nbsp;</td></tr>\n
Action.c(228):     <tr><td>&nbsp;</td>\n
Action.c(228):     <td><input type="image" name="login" value="Login" alt="Login" border="1" \n
Action.c(228):     src="/WebTours/images/mer_login.gif"/></td></tr>\n
Action.c(228):     <tr><td>&nbsp;</td><td>&nbsp;</td></tr>\n
Action.c(228):     </table><input type="hidden" name="JSFormSubmit" value="off"/>\n
Action.c(228):     </form>\n
Action.c(228):     \n
Action.c(228):     </body>\n
Action.c(228):     </html>\n
Action.c(228): Resource "http://localhost:1080/WebTours/images/mer_login.gif" is in the cache already and will not be downloaded again  	[MsgId: MMSG-26655]
Action.c(228): t=1308240ms: 5-byte chunked response overhead for "http://localhost:1080/cgi-bin/nav.pl?in=home" (RelFrameId=1.1, Internal ID=415)
Action.c(228):     0\r\n
Action.c(228):     \r\n
Action.c(228): t=1308240ms: Request done "http://localhost:1080/cgi-bin/nav.pl?in=home"  	[MsgId: MMSG-26000]
Action.c(228): Registered web_reg_find successful for "Text=Web Tours" (count=5)  	[MsgId: MMSG-26364]
Action.c(228): web_url("SignOff Button") was successful, 2176 body bytes, 584 header bytes, 24 chunking overhead bytes  	[MsgId: MMSG-26385]
Action.c(238): Notify: Transaction "Log_out" ended with a "Pass" status (Duration: 5,4102 Think Time: 5,0757 Wasted Time: 0,0001).	[MsgId: MMSG-16870]
Action.c(240): Notify: Transaction "2_Ticket_selection" ended with a "Pass" status (Duration: 26,7165 Think Time: 25,0871 Wasted Time: 0,0107).	[MsgId: MMSG-16870]
Ending action Action.	[MsgId: MMSG-15918]
Ending iteration 16.	[MsgId: MMSG-15965]
Waiting 58,2790 seconds for iteration pacing.	[MsgId: MMSG-15996]
Action was aborted.	[MsgId: MMSG-10694]
Action was aborted.	[MsgId: MMSG-10694]
Ending Vuser...	[MsgId: MMSG-15966]
Ending Vuser...	[MsgId: MMSG-15966]
Starting action vuser_end.	[MsgId: MMSG-15919]
Starting action vuser_end.	[MsgId: MMSG-15919]
Ending action vuser_end.	[MsgId: MMSG-15918]
Ending action vuser_end.	[MsgId: MMSG-15918]
Vuser Terminated.	[MsgId: MMSG-15963]
Vuser Terminated.	[MsgId: MMSG-15963]
t=1328631ms: Closed connection [0] to localhost:1080 after completing 3 request(s)  	[MsgId: MMSG-26000]
t=1328631ms: Closed connection [0] to localhost:1080 after completing 1 request(s)  	[MsgId: MMSG-26000]
t=1328631ms: Closed connection [1] to localhost:1080 after completing 1 request(s)  	[MsgId: MMSG-26000]
t=1328632ms: Closed connection [1] to localhost:1080 after completing 1 request(s)  	[MsgId: MMSG-26000]
HTML-Mode memory management statistics: Reusable=6, NonReusable=0, CsMemBlockSize=4096, checks disabled  	[MsgId: MMSG-26000]
HTML-Mode memory management statistics: Reusable=6, NonReusable=0, CsMemBlockSize=4096, checks disabled  	[MsgId: MMSG-26000]
Vuser 0 (thread 1576), ended OK."	[MsgId: MMSG-10695]
Vuser 1 (thread 13352), ended OK."	[MsgId: MMSG-10695]
