Action.c(291):     <head>\n
Action.c(291):     <title>Web Tours Navigation Bar</title>\n
Action.c(291):     <meta http-equiv="Content-Type" content="text/html; charset=iso-8859-1" />\n
Action.c(291):     </head>\n
Action.c(291):     <body bgcolor="#E0E7F1">\n
Action.c(291):     <style>\n
Action.c(291):     blockquote {font-family: tahoma; font-size : 10pt}\n
Action.c(291):     H1 {font-family: tahoma; font-size : 22pt; color: #993333}\n
Action.c(291):     H3 {font-family: tahoma; font-size : 10pt; color: black}\n
Action.c(291):     small {font-family: tahoma; font-size : 8pt}\n
Action.c(291):     </style>\n
Action.c(291):     <form method="post" action="/cgi-bin/login.pl" target="body">\n
Action.c(291):     <input type="hidden" name="userSession" value="131448.286026731zHzVDHVpcVcftAfzipccHcHf"/>
Action.c(291):     \n
Action.c(291):     <table border="0"><tr><td>&nbsp;</td>\n
Action.c(291):     <td>&nbsp;</td></tr>\n
Action.c(291):     <tr><td>&nbsp;</td>\n
Action.c(291):     <td>&nbsp;</td></tr>\n
Action.c(291):     <tr><td>&nbsp;</td>\n
Action.c(291):     <td><small>&nbsp;Username</small></td></tr>\n
Action.c(291):     <tr><td>&nbsp;</td>\n
Action.c(291):     <td><input type="text" name="username" value="" size="14" maxlength="14"/></td></tr>\n
Action.c(291):     <tr><td>&nbsp;</td>\n
Action.c(291):     <td><small>&nbsp;Password</small></td>\n
Action.c(291):     <tr><td>&nbsp;</td>\n
Action.c(291):     <td><input type="password" name="password" value="" size="14" maxlength="14"/></td></tr>\n
Action.c(291):     <tr><td>&nbsp;</td>\n
Action.c(291):     <td>&nbsp;</td></tr>\n
Action.c(291):     <tr><td>&nbsp;</td>\n
Action.c(291):     <td><input type="image" name="login" value="Login" alt="Login" border="1" \n
Action.c(291):     src="/WebTours/images/mer_login.gif"/></td></tr>\n
Action.c(291):     <tr><td>&nbsp;</td><td>&nbsp;</td></tr>\n
Action.c(291):     </table><input type="hidden" name="JSFormSubmit" value="off"/>\n
Action.c(291):     </form>\n
Action.c(291):     \n
Action.c(291):     </body>\n
Action.c(291):     </html>\n
Action.c(291): Resource "http://localhost:1080/WebTours/images/mer_login.gif" is in the cache already and will not be downloaded again  	[MsgId: MMSG-26655]
Action.c(291): t=1212459ms: 5-byte chunked response overhead for "http://localhost:1080/cgi-bin/nav.pl?in=home" (RelFrameId=1.1, Internal ID=587)
Action.c(291):     0\r\n
Action.c(291):     \r\n
Action.c(291): t=1212459ms: Request done "http://localhost:1080/cgi-bin/nav.pl?in=home"  	[MsgId: MMSG-26000]
Action.c(291): Registered web_reg_find successful for "Text=Web Tours" (count=5)  	[MsgId: MMSG-26364]
Action.c(291): web_url("SignOff Button") was successful, 2172 body bytes, 583 header bytes, 24 chunking overhead bytes  	[MsgId: MMSG-26385]
Action.c(301): Notify: Transaction "Log_out" ended with a "Pass" status (Duration: 5,1777 Think Time: 5,0084 Wasted Time: 0,0000).	[MsgId: MMSG-16870]
Action.c(303): Notify: Transaction "3_Buy_a_ticket" ended with a "Pass" status (Duration: 31,4507 Think Time: 30,0366 Wasted Time: 0,0040).	[MsgId: MMSG-16870]
Ending action Action.	[MsgId: MMSG-15918]
Action was aborted.	[MsgId: MMSG-10694]
Ending Vuser...	[MsgId: MMSG-15966]
Starting action vuser_end.	[MsgId: MMSG-15919]
Ending action vuser_end.	[MsgId: MMSG-15918]
Vuser Terminated.	[MsgId: MMSG-15963]
t=1212475ms: Closed connection [0] to localhost:1080 after completing 4 request(s)  	[MsgId: MMSG-26000]
t=1212475ms: Closed connection [1] to localhost:1080 after completing 1 request(s)  	[MsgId: MMSG-26000]
HTML-Mode memory management statistics: Reusable=7, NonReusable=0, CsMemBlockSize=4096, checks disabled  	[MsgId: MMSG-26000]
Vuser 2 (thread 20808), ended OK."	[MsgId: MMSG-10695]
Action.c(291): t=1212528ms: 327-byte response headers for "http://localhost:1080/cgi-bin/welcome.pl?signOff=1" (RelFrameId=1, Internal ID=586)
Action.c(291):     HTTP/1.1 200 OK\r\n
Action.c(291):     Date: Thu, 03 Jun 2021 14:04:51 GMT\r\n
Action.c(291):     Server: Apache/2.2.21 (Win32)\r\n
Action.c(291):     Set-Cookie: MSO=SID&1622729091; path=/\r\n
Action.c(291):     Set-Cookie: MTUserInfo=; path=/; expires=Wed, 02-Jun-2021 14:04:51 GMT\r\n
Action.c(291):     Keep-Alive: timeout=5, max=97\r\n
Action.c(291):     Connection: Keep-Alive\r\n
Action.c(291):     Transfer-Encoding: chunked\r\n
Action.c(291):     Content-Type: text/html; charset=ISO-8859-1\r\n
Action.c(291):     \r\n
Action.c(291): t=1212528ms: 5-byte chunked response overhead for "http://localhost:1080/cgi-bin/welcome.pl?signOff=1" (RelFrameId=1, Internal ID=586)
Action.c(291):     2ae\r\n
Action.c(291): t=1212528ms: 2-byte chunked response overhead for "http://localhost:1080/cgi-bin/welcome.pl?signOff=1" (RelFrameId=1, Internal ID=586)
Action.c(291):     \r\n
Action.c(291): t=1212528ms: 686-byte chunked response body for "http://localhost:1080/cgi-bin/welcome.pl?signOff=1" (RelFrameId=1, Internal ID=586)
Action.c(291):     <!-- \n
Action.c(291):      A Session ID has been created and loaded into a cookie called MSO.\n
Action.c(291):      Also, the server options have been loaded into the cookie called\n
Action.c(291):      MSO as well.  The server options can be set via the Admin page.\n
Action.c(291):      --->\n
Action.c(291):     \n
Action.c(291):     <html>\n
Action.c(291):     <title>Web Tours</title>\n
Action.c(291):        <!-- Frame Set -->\n
Action.c(291):        <frameset cols="160,*" border="1" frameborder="1">\n
Action.c(291):           <!-- Navigation Frame -->\n
Action.c(291):           <frame src="nav.pl?in=home" name="navbar" marginheight="2" marginwidth="2" \n
Action.c(291):                 noresize="noresize" scrolling="auto"/>\n
Action.c(291):           <!-- Home Frame -->\n
Action.c(291):           <frame src="/WebTours/home.html" name="info" marginheight="2" marginwidth="2" \n
Action.c(291):                 noresize="noresize" scrolling="auto"/>\n
Action.c(291):        </frameset>\n
Action.c(291):     </html>\n
Action.c(291):     \n
Action.c(291):     </body>\n
Action.c(291):     </html>
Action.c(291): Detected non-resource "http://localhost:1080/cgi-bin/nav.pl?in=home" in "http://localhost:1080/cgi-bin/welcome.pl?signOff=1"  	[MsgId: MMSG-26574]
Action.c(291): Detected non-resource "http://localhost:1080/WebTours/home.html" in "http://localhost:1080/cgi-bin/welcome.pl?signOff=1"  	[MsgId: MMSG-26574]
Action.c(291): Retrieving data from cache for "http://localhost:1080/WebTours/home.html"  	[MsgId: MMSG-26558]
Action.c(291): t=1212530ms: 1361-byte response body retrieved from cache for "http://localhost:1080/WebTours/home.html" (RelFrameId=1.2, Internal ID=588)
Action.c(291):     <HTML>\n
Action.c(291):     <HEAD>\n
Action.c(291):     \t<title>Web Tours</title>\n
Action.c(291):     </HEAD>\n
Action.c(291):     <style>\n
Action.c(291):     \tblockquote {font-family: tahoma; font-size : 10pt}\n
Action.c(291):     \tH1 {font-family: tahoma; font-size : 22pt; color: #003366}\n
Action.c(291):     \tsmall {font-family: tahoma; font-size : 8pt}\n
Action.c(291):     \tH3{font-family: tahoma; font-size : 10pt; color: black}\n
Action.c(291):     \tA {FONT-WEIGHT: bold; FONT-SIZE: 10pt; COLOR: black; FONT-FAMILY: Tahoma; TEXT-DECORATIO
Action.c(291):     N: none}\n
Action.c(291):     \tA:hover{ FONT-WEIGHT: bold; FONT-SIZE: 10pt; COLOR: #993333; FONT-FAMILY: Tahoma;TEXT-DE
Action.c(291):     CORATION: underline}\n
Action.c(291):     \tTD {font-family: tahoma; font-size : 10pt; color: black}\n
Action.c(291):     </style>\n
Action.c(291):     <body bgcolor="#e0e7f1">\n
Action.c(291):     <BR/>\n
Action.c(291):     <BR/>\n
Action.c(291):     <BR/>\n
Action.c(291):     <br/>\n
Action.c(291):     <table border="0">\n
Action.c(291):     <tr><td></td></tr>\n
Action.c(291):     <TR><TD></TD></TR>\n
Action.c(291):     <TR><TD>\n
Action.c(291):     <blockquote>\n
Action.c(291):     <H1><b>Web Tours</b></H1>\n
Action.c(291):     Welcome to the Web Tours site.\n
Action.c(291):     <br/>\n
Action.c(291):     To make reservations,please enter your account information to the left.\n
Action.c(291):     <br/>\n
Action.c(291):     If you haven't registered yet, <A href="/cgi-bin/login.pl?username=&amp;password=&amp;getI
Action.c(291):     nfo=true" ><B>sign up now</B></A> to get access to all our resources.\n
Action.c(291):     <br/>\n
Action.c(291):     To configure the server options, use <A href="/cgi-bin/admin.pl" target="body" ><b>adminis
Action.c(291):     tration</b></A> link.\n
Action.c(291):     <br/><br/><br/><br/><br/><br/>\n
Action.c(291):     <br/><small>\n
Action.c(291):     This product uses parts of the SMT Kernel, Copyright (c) 1991-99 <A href="http://www.imati
Action.c(291):     x.com" target="new"><B><small>iMatix Corporation</small></B></A> \n
Action.c(291):     </small>\n
Action.c(291):     </blockquote></TD>\n
Action.c(291):     <TD></TD></TR>\n
Action.c(291):     </table>\n
Action.c(291):     </body>\n
Action.c(291):     </HTML>\n
Action.c(291): t=1212532ms: 5-byte chunked response overhead for "http://localhost:1080/cgi-bin/welcome.pl?signOff=1" (RelFrameId=1, Internal ID=586)
Action.c(291):     0\r\n
Action.c(291):     \r\n
Action.c(291): t=1212532ms: Request done "http://localhost:1080/cgi-bin/welcome.pl?signOff=1"  	[MsgId: MMSG-26000]
Action.c(291): t=1212532ms: Connecting [1] to host 127.0.0.1:1080  	[MsgId: MMSG-26000]
Action.c(291): t=1212555ms: Connected socket [1] from 127.0.0.1:1520 to 127.0.0.1:1080 in 23 ms  	[MsgId: MMSG-26000]
Action.c(291): t=1212555ms: 612-byte request headers for "http://localhost:1080/cgi-bin/nav.pl?in=home" (RelFrameId=1.1, Internal ID=587)
Action.c(291):     GET /cgi-bin/nav.pl?in=home HTTP/1.1\r\n
Action.c(291):     Referer: http://localhost:1080/cgi-bin/welcome.pl?signOff=1\r\n
Action.c(291):     Sec-Fetch-User: ?1\r\n
Action.c(291):     Upgrade-Insecure-Requests: 1\r\n
Action.c(291):     Sec-Fetch-Site: same-origin\r\n
Action.c(291):     Sec-Fetch-Dest: frame\r\n
Action.c(291):     Sec-Fetch-Mode: navigate\r\n
Action.c(291):     sec-ch-ua: " Not;A Brand";v="99", "Google Chrome";v="91", "Chromium";v="91"\r\n
Action.c(291):     sec-ch-ua-mobile: ?0\r\n
Action.c(291):     User-Agent: Mozilla/5.0 (Windows NT 10.0; Win64; x64) AppleWebKit/537.36 (KHTML, like Geck
Action.c(291):     o) Chrome/91.0.4472.77 Safari/537.36\r\n
Action.c(291):     Accept-Encoding: gzip, deflate, br\r\n
Action.c(291):     Accept-Language: ru-RU,ru;q=0.9\r\n
Action.c(291):     Accept: */*\r\n
Action.c(291):     Connection: Keep-Alive\r\n
Action.c(291):     Host: localhost:1080\r\n
Action.c(291):     Cookie: MSO=SID&1622729091\r\n
Action.c(291):     \r\n
Action.c(288): web_reg_find started  	[MsgId: MMSG-26355]
Action.c(288): Registering web_reg_find was successful  	[MsgId: MMSG-26390]
Action.c(291): web_url("SignOff Button") started  	[MsgId: MMSG-26355]
Action.c(291): t=1212572ms: Already connected [0] to localhost:1080  	[MsgId: MMSG-26000]
Action.c(291): t=1212572ms: 710-byte request headers for "http://localhost:1080/cgi-bin/welcome.pl?signOff=1" (RelFrameId=1, Internal ID=586)
Action.c(291):     GET /cgi-bin/welcome.pl?signOff=1 HTTP/1.1\r\n
Action.c(291):     Referer: http://localhost:1080/cgi-bin/nav.pl?page=menu&in=flights\r\n
Action.c(291):     Sec-Fetch-User: ?1\r\n
Action.c(291):     Upgrade-Insecure-Requests: 1\r\n
Action.c(291):     Sec-Fetch-Site: same-origin\r\n
Action.c(291):     Sec-Fetch-Dest: frame\r\n
Action.c(291):     Sec-Fetch-Mode: navigate\r\n
Action.c(291):     sec-ch-ua: " Not;A Brand";v="99", "Google Chrome";v="91", "Chromium";v="91"\r\n
Action.c(291):     sec-ch-ua-mobile: ?0\r\n
Action.c(291):     User-Agent: Mozilla/5.0 (Windows NT 10.0; Win64; x64) AppleWebKit/537.36 (KHTML, like Geck
Action.c(291):     o) Chrome/91.0.4472.77 Safari/537.36\r\n
Action.c(291):     Accept-Encoding: gzip, deflate, br\r\n
Action.c(291):     Accept-Language: ru-RU,ru;q=0.9\r\n
Action.c(291):     Accept: */*\r\n
Action.c(291):     Connection: Keep-Alive\r\n
Action.c(291):     Host: localhost:1080\r\n
Action.c(291):     Cookie: MSO=SID&1622729060; MTUserInfo=firstName&Jo&username&Jo1&address2&Jo&hash&81&addre
Action.c(291):     ss1&Jo&lastName&Jo%0A\r\n
Action.c(291):     \r\n
Action.c(291): t=1212647ms: 256-byte response headers for "http://localhost:1080/cgi-bin/nav.pl?in=home" (RelFrameId=1.1, Internal ID=587)
Action.c(291):     HTTP/1.1 200 OK\r\n
Action.c(291):     Date: Thu, 03 Jun 2021 14:04:51 GMT\r\n
Action.c(291):     Server: Apache/2.2.21 (Win32)\r\n
Action.c(291):     Expires: Wed, 02 Jun 2021 14:04:52 GMT\r\n
Action.c(291):     Keep-Alive: timeout=5, max=100\r\n
Action.c(291):     Connection: Keep-Alive\r\n
Action.c(291):     Transfer-Encoding: chunked\r\n
Action.c(291):     Content-Type: text/html; charset=ISO-8859-1\r\n
Action.c(291):     \r\n
Action.c(291): t=1212648ms: 5-byte chunked response overhead for "http://localhost:1080/cgi-bin/nav.pl?in=home" (RelFrameId=1.1, Internal ID=587)
Action.c(291):     5ce\r\n
Action.c(291): t=1212648ms: 2-byte chunked response overhead for "http://localhost:1080/cgi-bin/nav.pl?in=home" (RelFrameId=1.1, Internal ID=587)
Action.c(291):     \r\n
Action.c(291): t=1212648ms: 1486-byte chunked response body for "http://localhost:1080/cgi-bin/nav.pl?in=home" (RelFrameId=1.1, Internal ID=587)
Action.c(291):     <!DOCTYPE html\n
Action.c(291):     \tPUBLIC "-//W3C//DTD XHTML 1.0 Transitional//EN"\n
Action.c(291):     \t "http://www.w3.org/TR/xhtml1/DTD/xhtml1-transitional.dtd">\n
Action.c(291):     <html xmlns="http://www.w3.org/1999/xhtml" lang="en-US" xml:lang="en-US">\n
Action.c(291):     <head>\n
Action.c(291):     <title>Web Tours Navigation Bar</title>\n
Action.c(291):     <meta http-equiv="Content-Type" content="text/html; charset=iso-8859-1" />\n
Action.c(291):     </head>\n
Action.c(291):     <body bgcolor="#E0E7F1">\n
Action.c(291):     <style>\n
Action.c(291):     blockquote {font-family: tahoma; font-size : 10pt}\n
Action.c(291):     H1 {font-family: tahoma; font-size : 22pt; color: #993333}\n
Action.c(291):     H3 {font-family: tahoma; font-size : 10pt; color: black}\n
Action.c(291):     small {font-family: tahoma; font-size : 8pt}\n
Action.c(291):     </style>\n
Action.c(291):     <form method="post" action="/cgi-bin/login.pl" target="body">\n
Action.c(291):     <input type="hidden" name="userSession" value="131448.286026731zHzVDHVpcVcftAfzipccHcHf"/>
Action.c(291):     \n
Action.c(291):     <table border="0"><tr><td>&nbsp;</td>\n
Action.c(291):     <td>&nbsp;</td></tr>\n
Action.c(291):     <tr><td>&nbsp;</td>\n
Action.c(291):     <td>&nbsp;</td></tr>\n
Action.c(291):     <tr><td>&nbsp;</td>\n
Action.c(291):     <td><small>&nbsp;Username</small></td></tr>\n
Action.c(291):     <tr><td>&nbsp;</td>\n
Action.c(291):     <td><input type="text" name="username" value="" size="14" maxlength="14"/></td></tr>\n
Action.c(291):     <tr><td>&nbsp;</td>\n
Action.c(291):     <td><small>&nbsp;Password</small></td>\n
Action.c(291):     <tr><td>&nbsp;</td>\n
Action.c(291):     <td><input type="password" name="password" value="" size="14" maxlength="14"/></td></tr>\n
Action.c(291):     <tr><td>&nbsp;</td>\n
Action.c(291):     <td>&nbsp;</td></tr>\n
Action.c(291):     <tr><td>&nbsp;</td>\n
Action.c(291):     <td><input type="image" name="login" value="Login" alt="Login" border="1" \n
Action.c(291):     src="/WebTours/images/mer_login.gif"/></td></tr>\n
Action.c(291):     <tr><td>&nbsp;</td><td>&nbsp;</td></tr>\n
Action.c(291):     </table><input type="hidden" name="JSFormSubmit" value="off"/>\n
Action.c(291):     </form>\n
Action.c(291):     \n
Action.c(291):     </body>\n
Action.c(291):     </html>\n
Action.c(291): Resource "http://localhost:1080/WebTours/images/mer_login.gif" is in the cache already and will not be downloaded again  	[MsgId: MMSG-26655]
Action.c(291): t=1212656ms: 5-byte chunked response overhead for "http://localhost:1080/cgi-bin/nav.pl?in=home" (RelFrameId=1.1, Internal ID=587)
Action.c(291):     0\r\n
Action.c(291):     \r\n
Action.c(291): t=1212656ms: Request done "http://localhost:1080/cgi-bin/nav.pl?in=home"  	[MsgId: MMSG-26000]
Action.c(291): Registered web_reg_find successful for "Text=Web Tours" (count=5)  	[MsgId: MMSG-26364]
Action.c(291): web_url("SignOff Button") was successful, 2172 body bytes, 583 header bytes, 24 chunking overhead bytes  	[MsgId: MMSG-26385]
Action.c(301): Notify: Transaction "Log_out" ended with a "Pass" status (Duration: 5,2131 Think Time: 5,0029 Wasted Time: 0,0000).	[MsgId: MMSG-16870]
Action.c(303): Notify: Transaction "3_Buy_a_ticket" ended with a "Pass" status (Duration: 31,5836 Think Time: 30,0437 Wasted Time: 0,0046).	[MsgId: MMSG-16870]
Ending action Action.	[MsgId: MMSG-15918]
Action was aborted.	[MsgId: MMSG-10694]
Ending Vuser...	[MsgId: MMSG-15966]
Starting action vuser_end.	[MsgId: MMSG-15919]
Ending action vuser_end.	[MsgId: MMSG-15918]
Vuser Terminated.	[MsgId: MMSG-15963]
t=1212657ms: Closed connection [0] to localhost:1080 after completing 4 request(s)  	[MsgId: MMSG-26000]
t=1212658ms: Closed connection [1] to localhost:1080 after completing 1 request(s)  	[MsgId: MMSG-26000]
HTML-Mode memory management statistics: Reusable=7, NonReusable=0, CsMemBlockSize=4096, checks disabled  	[MsgId: MMSG-26000]
Vuser 1 (thread 18228), ended OK."	[MsgId: MMSG-10695]
Action.c(291): t=1212667ms: 327-byte response headers for "http://localhost:1080/cgi-bin/welcome.pl?signOff=1" (RelFrameId=1, Internal ID=586)
Action.c(291):     HTTP/1.1 200 OK\r\n
Action.c(291):     Date: Thu, 03 Jun 2021 14:04:52 GMT\r\n
Action.c(291):     Server: Apache/2.2.21 (Win32)\r\n
Action.c(291):     Set-Cookie: MSO=SID&1622729092; path=/\r\n
Action.c(291):     Set-Cookie: MTUserInfo=; path=/; expires=Wed, 02-Jun-2021 14:04:52 GMT\r\n
Action.c(291):     Keep-Alive: timeout=5, max=97\r\n
Action.c(291):     Connection: Keep-Alive\r\n
Action.c(291):     Transfer-Encoding: chunked\r\n
Action.c(291):     Content-Type: text/html; charset=ISO-8859-1\r\n
Action.c(291):     \r\n
Action.c(291): t=1212668ms: 5-byte chunked response overhead for "http://localhost:1080/cgi-bin/welcome.pl?signOff=1" (RelFrameId=1, Internal ID=586)
Action.c(291):     2ae\r\n
Action.c(291): t=1212668ms: 2-byte chunked response overhead for "http://localhost:1080/cgi-bin/welcome.pl?signOff=1" (RelFrameId=1, Internal ID=586)
Action.c(291):     \r\n
Action.c(291): t=1212668ms: 686-byte chunked response body for "http://localhost:1080/cgi-bin/welcome.pl?signOff=1" (RelFrameId=1, Internal ID=586)
Action.c(291):     <!-- \n
Action.c(291):      A Session ID has been created and loaded into a cookie called MSO.\n
Action.c(291):      Also, the server options have been loaded into the cookie called\n
Action.c(291):      MSO as well.  The server options can be set via the Admin page.\n
Action.c(291):      --->\n
Action.c(291):     \n
Action.c(291):     <html>\n
Action.c(291):     <title>Web Tours</title>\n
Action.c(291):        <!-- Frame Set -->\n
Action.c(291):        <frameset cols="160,*" border="1" frameborder="1">\n
Action.c(291):           <!-- Navigation Frame -->\n
Action.c(291):           <frame src="nav.pl?in=home" name="navbar" marginheight="2" marginwidth="2" \n
Action.c(291):                 noresize="noresize" scrolling="auto"/>\n
Action.c(291):           <!-- Home Frame -->\n
Action.c(291):           <frame src="/WebTours/home.html" name="info" marginheight="2" marginwidth="2" \n
Action.c(291):                 noresize="noresize" scrolling="auto"/>\n
Action.c(291):        </frameset>\n
Action.c(291):     </html>\n
Action.c(291):     \n
Action.c(291):     </body>\n
Action.c(291):     </html>
Action.c(291): Detected non-resource "http://localhost:1080/cgi-bin/nav.pl?in=home" in "http://localhost:1080/cgi-bin/welcome.pl?signOff=1"  	[MsgId: MMSG-26574]
Action.c(291): Detected non-resource "http://localhost:1080/WebTours/home.html" in "http://localhost:1080/cgi-bin/welcome.pl?signOff=1"  	[MsgId: MMSG-26574]
Action.c(291): Retrieving data from cache for "http://localhost:1080/WebTours/home.html"  	[MsgId: MMSG-26558]
Action.c(291): t=1212670ms: 1361-byte response body retrieved from cache for "http://localhost:1080/WebTours/home.html" (RelFrameId=1.2, Internal ID=588)
Action.c(291):     <HTML>\n
Action.c(291):     <HEAD>\n
Action.c(291):     \t<title>Web Tours</title>\n
Action.c(291):     </HEAD>\n
Action.c(291):     <style>\n
Action.c(291):     \tblockquote {font-family: tahoma; font-size : 10pt}\n
Action.c(291):     \tH1 {font-family: tahoma; font-size : 22pt; color: #003366}\n
Action.c(291):     \tsmall {font-family: tahoma; font-size : 8pt}\n
Action.c(291):     \tH3{font-family: tahoma; font-size : 10pt; color: black}\n
Action.c(291):     \tA {FONT-WEIGHT: bold; FONT-SIZE: 10pt; COLOR: black; FONT-FAMILY: Tahoma; TEXT-DECORATIO
Action.c(291):     N: none}\n
Action.c(291):     \tA:hover{ FONT-WEIGHT: bold; FONT-SIZE: 10pt; COLOR: #993333; FONT-FAMILY: Tahoma;TEXT-DE
Action.c(291):     CORATION: underline}\n
Action.c(291):     \tTD {font-family: tahoma; font-size : 10pt; color: black}\n
Action.c(291):     </style>\n
Action.c(291):     <body bgcolor="#e0e7f1">\n
Action.c(291):     <BR/>\n
Action.c(291):     <BR/>\n
Action.c(291):     <BR/>\n
Action.c(291):     <br/>\n
Action.c(291):     <table border="0">\n
Action.c(291):     <tr><td></td></tr>\n
Action.c(291):     <TR><TD></TD></TR>\n
Action.c(291):     <TR><TD>\n
Action.c(291):     <blockquote>\n
Action.c(291):     <H1><b>Web Tours</b></H1>\n
Action.c(291):     Welcome to the Web Tours site.\n
Action.c(291):     <br/>\n
Action.c(291):     To make reservations,please enter your account information to the left.\n
Action.c(291):     <br/>\n
Action.c(291):     If you haven't registered yet, <A href="/cgi-bin/login.pl?username=&amp;password=&amp;getI
Action.c(291):     nfo=true" ><B>sign up now</B></A> to get access to all our resources.\n
Action.c(291):     <br/>\n
Action.c(291):     To configure the server options, use <A href="/cgi-bin/admin.pl" target="body" ><b>adminis
Action.c(291):     tration</b></A> link.\n
Action.c(291):     <br/><br/><br/><br/><br/><br/>\n
Action.c(291):     <br/><small>\n
Action.c(291):     This product uses parts of the SMT Kernel, Copyright (c) 1991-99 <A href="http://www.imati
Action.c(291):     x.com" target="new"><B><small>iMatix Corporation</small></B></A> \n
Action.c(291):     </small>\n
Action.c(291):     </blockquote></TD>\n
Action.c(291):     <TD></TD></TR>\n
Action.c(291):     </table>\n
Action.c(291):     </body>\n
Action.c(291):     </HTML>\n
Action.c(291): t=1212673ms: 5-byte chunked response overhead for "http://localhost:1080/cgi-bin/welcome.pl?signOff=1" (RelFrameId=1, Internal ID=586)
Action.c(291):     0\r\n
Action.c(291):     \r\n
Action.c(291): t=1212673ms: Request done "http://localhost:1080/cgi-bin/welcome.pl?signOff=1"  	[MsgId: MMSG-26000]
Action.c(291): t=1212674ms: Already connected [1] to localhost:1080  	[MsgId: MMSG-26000]
Action.c(291): t=1212674ms: 612-byte request headers for "http://localhost:1080/cgi-bin/nav.pl?in=home" (RelFrameId=1.1, Internal ID=587)
Action.c(291):     GET /cgi-bin/nav.pl?in=home HTTP/1.1\r\n
Action.c(291):     Referer: http://localhost:1080/cgi-bin/welcome.pl?signOff=1\r\n
Action.c(291):     Sec-Fetch-User: ?1\r\n
Action.c(291):     Upgrade-Insecure-Requests: 1\r\n
Action.c(291):     Sec-Fetch-Site: same-origin\r\n
Action.c(291):     Sec-Fetch-Dest: frame\r\n
Action.c(291):     Sec-Fetch-Mode: navigate\r\n
Action.c(291):     sec-ch-ua: " Not;A Brand";v="99", "Google Chrome";v="91", "Chromium";v="91"\r\n
Action.c(291):     sec-ch-ua-mobile: ?0\r\n
Action.c(291):     User-Agent: Mozilla/5.0 (Windows NT 10.0; Win64; x64) AppleWebKit/537.36 (KHTML, like Geck
Action.c(291):     o) Chrome/91.0.4472.77 Safari/537.36\r\n
Action.c(291):     Accept-Encoding: gzip, deflate, br\r\n
Action.c(291):     Accept-Language: ru-RU,ru;q=0.9\r\n
Action.c(291):     Accept: */*\r\n
Action.c(291):     Connection: Keep-Alive\r\n
Action.c(291):     Host: localhost:1080\r\n
Action.c(291):     Cookie: MSO=SID&1622729092\r\n
Action.c(291):     \r\n
Action.c(291): t=1212675ms: Server localhost has shut down the connection [1] prematurely (empty response, no HTTP headers received). Considering retry  	[MsgId: MMSG-26000]
Action.c(291): t=1212675ms: Closed connection [1] to localhost:1080 after completing 1 request(s)  	[MsgId: MMSG-26000]
Action.c(291): t=1212675ms: reporting user data point RETRY_KEEP_ALIVE  	[MsgId: MMSG-26000]
Action.c(291): t=1212676ms: Connecting [1] to host 127.0.0.1:1080  	[MsgId: MMSG-26000]
Action.c(291): t=1212676ms: Connected socket [1] from 127.0.0.1:1521 to 127.0.0.1:1080 in 0 ms  	[MsgId: MMSG-26000]
Action.c(291): t=1212676ms: 612-byte request headers for "http://localhost:1080/cgi-bin/nav.pl?in=home" (RelFrameId=1.1, Internal ID=587)
Action.c(291):     GET /cgi-bin/nav.pl?in=home HTTP/1.1\r\n
Action.c(291):     Referer: http://localhost:1080/cgi-bin/welcome.pl?signOff=1\r\n
Action.c(291):     Sec-Fetch-User: ?1\r\n
Action.c(291):     Upgrade-Insecure-Requests: 1\r\n
Action.c(291):     Sec-Fetch-Site: same-origin\r\n
Action.c(291):     Sec-Fetch-Dest: frame\r\n
Action.c(291):     Sec-Fetch-Mode: navigate\r\n
Action.c(291):     sec-ch-ua: " Not;A Brand";v="99", "Google Chrome";v="91", "Chromium";v="91"\r\n
Action.c(291):     sec-ch-ua-mobile: ?0\r\n
Action.c(291):     User-Agent: Mozilla/5.0 (Windows NT 10.0; Win64; x64) AppleWebKit/537.36 (KHTML, like Geck
Action.c(291):     o) Chrome/91.0.4472.77 Safari/537.36\r\n
Action.c(291):     Accept-Encoding: gzip, deflate, br\r\n
Action.c(291):     Accept-Language: ru-RU,ru;q=0.9\r\n
Action.c(291):     Accept: */*\r\n
Action.c(291):     Connection: Keep-Alive\r\n
Action.c(291):     Host: localhost:1080\r\n
Action.c(291):     Cookie: MSO=SID&1622729092\r\n
Action.c(291):     \r\n
Action.c(291): t=1212759ms: 256-byte response headers for "http://localhost:1080/cgi-bin/nav.pl?in=home" (RelFrameId=1.1, Internal ID=587)
Action.c(291):     HTTP/1.1 200 OK\r\n
Action.c(291):     Date: Thu, 03 Jun 2021 14:04:52 GMT\r\n
Action.c(291):     Server: Apache/2.2.21 (Win32)\r\n
Action.c(291):     Expires: Wed, 02 Jun 2021 14:04:52 GMT\r\n
Action.c(291):     Keep-Alive: timeout=5, max=100\r\n
Action.c(291):     Connection: Keep-Alive\r\n
Action.c(291):     Transfer-Encoding: chunked\r\n
Action.c(291):     Content-Type: text/html; charset=ISO-8859-1\r\n
Action.c(291):     \r\n
Action.c(291): t=1212759ms: 5-byte chunked response overhead for "http://localhost:1080/cgi-bin/nav.pl?in=home" (RelFrameId=1.1, Internal ID=587)
Action.c(291):     5d0\r\n
Action.c(291): t=1212759ms: 2-byte chunked response overhead for "http://localhost:1080/cgi-bin/nav.pl?in=home" (RelFrameId=1.1, Internal ID=587)
Action.c(291):     \r\n
Action.c(291): t=1212759ms: 1488-byte chunked response body for "http://localhost:1080/cgi-bin/nav.pl?in=home" (RelFrameId=1.1, Internal ID=587)
Action.c(291):     <!DOCTYPE html\n
Action.c(291):     \tPUBLIC "-//W3C//DTD XHTML 1.0 Transitional//EN"\n
Action.c(291):     \t "http://www.w3.org/TR/xhtml1/DTD/xhtml1-transitional.dtd">\n
Action.c(291):     <html xmlns="http://www.w3.org/1999/xhtml" lang="en-US" xml:lang="en-US">\n
Action.c(291):     <head>\n
Action.c(291):     <title>Web Tours Navigation Bar</title>\n
Action.c(291):     <meta http-equiv="Content-Type" content="text/html; charset=iso-8859-1" />\n
Action.c(291):     </head>\n
Action.c(291):     <body bgcolor="#E0E7F1">\n
Action.c(291):     <style>\n
Action.c(291):     blockquote {font-family: tahoma; font-size : 10pt}\n
Action.c(291):     H1 {font-family: tahoma; font-size : 22pt; color: #993333}\n
Action.c(291):     H3 {font-family: tahoma; font-size : 10pt; color: black}\n
Action.c(291):     small {font-family: tahoma; font-size : 8pt}\n
Action.c(291):     </style>\n
Action.c(291):     <form method="post" action="/cgi-bin/login.pl" target="body">\n
Action.c(291):     <input type="hidden" name="userSession" value="131448.286107736zHzVDHVpcVzzzzzHtAfzipccHD"
Action.c(291):     />\n
Action.c(291):     <table border="0"><tr><td>&nbsp;</td>\n
Action.c(291):     <td>&nbsp;</td></tr>\n
Action.c(291):     <tr><td>&nbsp;</td>\n
Action.c(291):     <td>&nbsp;</td></tr>\n
Action.c(291):     <tr><td>&nbsp;</td>\n
Action.c(291):     <td><small>&nbsp;Username</small></td></tr>\n
Action.c(291):     <tr><td>&nbsp;</td>\n
Action.c(291):     <td><input type="text" name="username" value="" size="14" maxlength="14"/></td></tr>\n
Action.c(291):     <tr><td>&nbsp;</td>\n
Action.c(291):     <td><small>&nbsp;Password</small></td>\n
Action.c(291):     <tr><td>&nbsp;</td>\n
Action.c(291):     <td><input type="password" name="password" value="" size="14" maxlength="14"/></td></tr>\n
Action.c(291):     <tr><td>&nbsp;</td>\n
Action.c(291):     <td>&nbsp;</td></tr>\n
Action.c(291):     <tr><td>&nbsp;</td>\n
Action.c(291):     <td><input type="image" name="login" value="Login" alt="Login" border="1" \n
Action.c(291):     src="/WebTours/images/mer_login.gif"/></td></tr>\n
Action.c(291):     <tr><td>&nbsp;</td><td>&nbsp;</td></tr>\n
Action.c(291):     </table><input type="hidden" name="JSFormSubmit" value="off"/>\n
Action.c(291):     </form>\n
Action.c(291):     \n
Action.c(291):     </body>\n
Action.c(291):     </html>\n
Action.c(291): Resource "http://localhost:1080/WebTours/images/mer_login.gif" is in the cache already and will not be downloaded again  	[MsgId: MMSG-26655]
Action.c(291): t=1212762ms: 5-byte chunked response overhead for "http://localhost:1080/cgi-bin/nav.pl?in=home" (RelFrameId=1.1, Internal ID=587)
Action.c(291):     0\r\n
Action.c(291):     \r\n
Action.c(291): t=1212762ms: Request done "http://localhost:1080/cgi-bin/nav.pl?in=home"  	[MsgId: MMSG-26000]
Action.c(291): Registered web_reg_find successful for "Text=Web Tours" (count=5)  	[MsgId: MMSG-26364]
Action.c(291): web_url("SignOff Button") was successful, 2174 body bytes, 583 header bytes, 24 chunking overhead bytes  	[MsgId: MMSG-26385]
Action.c(301): Notify: Transaction "Log_out" ended with a "Pass" status (Duration: 5,2029 Think Time: 5,0100 Wasted Time: 0,0000).	[MsgId: MMSG-16870]
Action.c(303): Notify: Transaction "3_Buy_a_ticket" ended with a "Pass" status (Duration: 31,8299 Think Time: 30,0603 Wasted Time: 0,0052).	[MsgId: MMSG-16870]
Ending action Action.	[MsgId: MMSG-15918]
Action was aborted.	[MsgId: MMSG-10694]
Ending Vuser...	[MsgId: MMSG-15966]
Starting action vuser_end.	[MsgId: MMSG-15919]
Ending action vuser_end.	[MsgId: MMSG-15918]
Vuser Terminated.	[MsgId: MMSG-15963]
t=1212763ms: Closed connection [0] to localhost:1080 after completing 4 request(s)  	[MsgId: MMSG-26000]
t=1212763ms: Closed connection [1] to localhost:1080 after completing 1 request(s)  	[MsgId: MMSG-26000]
HTML-Mode memory management statistics: Reusable=7, NonReusable=0, CsMemBlockSize=4096, checks disabled  	[MsgId: MMSG-26000]
Vuser 0 (thread 20400), ended OK."	[MsgId: MMSG-10695]
